{"meta": {"format": 3, "version": "7.11.2", "timestamp": "2025-11-12T16:03:43.832190", "branch_coverage": false, "show_contexts": false}, "files": {"src/__init__.py": {"executed_lines": [], "summary": {"covered_lines": 0, "num_statements": 0, "percent_covered": 100.0, "percent_covered_display": "100", "missing_lines": 0, "excluded_lines": 0}, "missing_lines": [], "excluded_lines": [], "functions": {"": {"executed_lines": [], "summary": {"covered_lines": 0, "num_statements": 0, "percent_covered": 100.0, "percent_covered_display": "100", "missing_lines": 0, "excluded_lines": 0}, "missing_lines": [], "excluded_lines": []}}, "classes": {"": {"executed_lines": [], "summary": {"covered_lines": 0, "num_statements": 0, "percent_covered": 100.0, "percent_covered_display": "100", "missing_lines": 0, "excluded_lines": 0}, "missing_lines": [], "excluded_lines": []}}}, "src/education/__init__.py": {"executed_lines": [1, 10, 12], "summary": {"covered_lines": 2, "num_statements": 2, "percent_covered": 100.0, "percent_covered_display": "100", "missing_lines": 0, "excluded_lines": 0}, "missing_lines": [], "excluded_lines": [], "functions": {"": {"executed_lines": [1, 10, 12], "summary": {"covered_lines": 2, "num_statements": 2, "percent_covered": 100.0, "percent_covered_display": "100", "missing_lines": 0, "excluded_lines": 0}, "missing_lines": [], "excluded_lines": []}}, "classes": {"": {"executed_lines": [1, 10, 12], "summary": {"covered_lines": 2, "num_statements": 2, "percent_covered": 100.0, "percent_covered_display": "100", "missing_lines": 0, "excluded_lines": 0}, "missing_lines": [], "excluded_lines": []}}}, "src/education/wifi_lab_interceptor.py": {"executed_lines": [1, 15, 16, 17, 18, 19, 20, 27, 28, 29, 30, 31, 32, 33, 34, 35, 36, 37, 38, 41, 42, 56, 64, 65, 66, 67, 68, 77, 86, 91, 93, 101, 102, 103, 104, 105, 106, 107, 108, 109, 111, 113, 114, 122, 123, 125, 126, 127, 128, 129, 130, 131, 132, 134, 136, 139, 140, 143, 144, 147, 148, 151, 152, 154, 156, 158, 159, 160, 163, 166, 168, 179, 181, 184, 186, 187, 190, 191, 192, 194, 195, 196, 199, 201, 216, 218, 224, 226, 227, 230, 231, 232, 234, 235, 236, 239, 254, 255, 257, 259, 260, 262, 263, 264, 266, 267, 272, 274, 275, 277, 279, 280, 281, 282, 284, 286, 288, 291, 292, 295, 296, 299, 300, 303, 304, 307, 308, 310, 312, 314, 316, 317, 318, 319, 320, 322, 323, 325, 327, 329, 334, 336, 337, 339, 340, 341, 342, 343, 345, 347, 348, 349, 350, 351, 352, 353, 354, 355, 356, 358, 359, 360, 361, 362, 363, 365, 367, 368, 369, 370, 372, 374, 375, 377, 378, 379, 380, 382, 383, 384, 386, 387, 388, 390, 391, 392, 393, 394, 395, 396, 397, 399, 402, 407, 408, 411, 414, 415, 422, 423, 424, 425, 426, 428, 431], "summary": {"covered_lines": 202, "num_statements": 229, "percent_covered": 88.20960698689956, "percent_covered_display": "88", "missing_lines": 27, "excluded_lines": 0}, "missing_lines": [182, 219, 221, 222, 321, 432, 433, 435, 447, 448, 449, 450, 453, 456, 457, 458, 459, 462, 463, 464, 466, 469, 472, 473, 474, 476, 477], "excluded_lines": [], "functions": {"WiFiLabInterceptor.__init__": {"executed_lines": [64, 65, 66, 67, 68], "summary": {"covered_lines": 5, "num_statements": 5, "percent_covered": 100.0, "percent_covered_display": "100", "missing_lines": 0, "excluded_lines": 0}, "missing_lines": [], "excluded_lines": []}, "WiFiLabInterceptor.register_lab_device": {"executed_lines": [86, 91], "summary": {"covered_lines": 2, "num_statements": 2, "percent_covered": 100.0, "percent_covered_display": "100", "missing_lines": 0, "excluded_lines": 0}, "missing_lines": [], "excluded_lines": []}, "WiFiLabInterceptor.start_capture": {"executed_lines": [101, 102, 103, 104, 105, 106, 107, 108, 109, 111, 113, 114, 122, 123, 125, 126, 127, 128, 129, 130, 131, 132], "summary": {"covered_lines": 22, "num_statements": 22, "percent_covered": 100.0, "percent_covered_display": "100", "missing_lines": 0, "excluded_lines": 0}, "missing_lines": [], "excluded_lines": []}, "WiFiLabInterceptor._process_packet": {"executed_lines": [136, 139, 140, 143, 144, 147, 148, 151, 152], "summary": {"covered_lines": 9, "num_statements": 9, "percent_covered": 100.0, "percent_covered_display": "100", "missing_lines": 0, "excluded_lines": 0}, "missing_lines": [], "excluded_lines": []}, "WiFiLabInterceptor._analyze_dns": {"executed_lines": [156, 158, 159, 160, 163, 166, 168, 179, 181], "summary": {"covered_lines": 9, "num_statements": 10, "percent_covered": 90.0, "percent_covered_display": "90", "missing_lines": 1, "excluded_lines": 0}, "missing_lines": [182], "excluded_lines": []}, "WiFiLabInterceptor._analyze_http": {"executed_lines": [186, 187, 190, 191, 192, 194, 195, 196, 199, 201, 216, 218], "summary": {"covered_lines": 12, "num_statements": 15, "percent_covered": 80.0, "percent_covered_display": "80", "missing_lines": 3, "excluded_lines": 0}, "missing_lines": [219, 221, 222], "excluded_lines": []}, "WiFiLabInterceptor._analyze_https": {"executed_lines": [226, 227, 230, 231, 232, 234, 235, 236, 239, 254, 255], "summary": {"covered_lines": 11, "num_statements": 11, "percent_covered": 100.0, "percent_covered_display": "100", "missing_lines": 0, "excluded_lines": 0}, "missing_lines": [], "excluded_lines": []}, "WiFiLabInterceptor._analyze_arp": {"executed_lines": [259, 260, 262, 263, 264, 266, 267, 272, 274, 275], "summary": {"covered_lines": 10, "num_statements": 10, "percent_covered": 100.0, "percent_covered_display": "100", "missing_lines": 0, "excluded_lines": 0}, "missing_lines": [], "excluded_lines": []}, "WiFiLabInterceptor._identify_device": {"executed_lines": [279, 280, 281, 282, 284], "summary": {"covered_lines": 5, "num_statements": 5, "percent_covered": 100.0, "percent_covered_display": "100", "missing_lines": 0, "excluded_lines": 0}, "missing_lines": [], "excluded_lines": []}, "WiFiLabInterceptor._categorize_dns_query": {"executed_lines": [288, 291, 292, 295, 296, 299, 300, 303, 304, 307, 308, 310], "summary": {"covered_lines": 12, "num_statements": 12, "percent_covered": 100.0, "percent_covered_display": "100", "missing_lines": 0, "excluded_lines": 0}, "missing_lines": [], "excluded_lines": []}, "WiFiLabInterceptor._extract_sensitive_data": {"executed_lines": [314, 316, 317, 318, 319, 320, 322, 323, 325], "summary": {"covered_lines": 9, "num_statements": 10, "percent_covered": 90.0, "percent_covered_display": "90", "missing_lines": 1, "excluded_lines": 0}, "missing_lines": [321], "excluded_lines": []}, "WiFiLabInterceptor._print_interception": {"executed_lines": [329, 334, 336, 337, 339, 340, 341, 342, 343], "summary": {"covered_lines": 9, "num_statements": 9, "percent_covered": 100.0, "percent_covered_display": "100", "missing_lines": 0, "excluded_lines": 0}, "missing_lines": [], "excluded_lines": []}, "WiFiLabInterceptor._show_summary": {"executed_lines": [347, 348, 349, 350, 351, 352, 353, 354, 355, 356, 358, 359, 360, 361, 362, 363, 365, 367, 368, 369, 370], "summary": {"covered_lines": 21, "num_statements": 21, "percent_covered": 100.0, "percent_covered_display": "100", "missing_lines": 0, "excluded_lines": 0}, "missing_lines": [], "excluded_lines": []}, "WiFiLabInterceptor.export_results": {"executed_lines": [374, 375, 377, 378, 379, 380, 382, 383, 384, 386, 387, 388, 390, 391, 392, 393, 394, 395, 396, 397, 399], "summary": {"covered_lines": 21, "num_statements": 21, "percent_covered": 100.0, "percent_covered_display": "100", "missing_lines": 0, "excluded_lines": 0}, "missing_lines": [], "excluded_lines": []}, "create_lab_scenario": {"executed_lines": [407, 408, 411, 414, 415, 422, 423, 424, 425, 426, 428], "summary": {"covered_lines": 11, "num_statements": 11, "percent_covered": 100.0, "percent_covered_display": "100", "missing_lines": 0, "excluded_lines": 0}, "missing_lines": [], "excluded_lines": []}, "": {"executed_lines": [1, 15, 16, 17, 18, 19, 20, 27, 28, 29, 30, 31, 32, 33, 34, 35, 36, 37, 38, 41, 42, 56, 77, 93, 134, 154, 184, 224, 257, 277, 286, 312, 327, 345, 372, 402, 431], "summary": {"covered_lines": 34, "num_statements": 56, "percent_covered": 60.714285714285715, "percent_covered_display": "61", "missing_lines": 22, "excluded_lines": 0}, "missing_lines": [432, 433, 435, 447, 448, 449, 450, 453, 456, 457, 458, 459, 462, 463, 464, 466, 469, 472, 473, 474, 476, 477], "excluded_lines": []}}, "classes": {"InterceptedData": {"executed_lines": [], "summary": {"covered_lines": 0, "num_statements": 0, "percent_covered": 100.0, "percent_covered_display": "100", "missing_lines": 0, "excluded_lines": 0}, "missing_lines": [], "excluded_lines": []}, "WiFiLabInterceptor": {"executed_lines": [64, 65, 66, 67, 68, 86, 91, 101, 102, 103, 104, 105, 106, 107, 108, 109, 111, 113, 114, 122, 123, 125, 126, 127, 128, 129, 130, 131, 132, 136, 139, 140, 143, 144, 147, 148, 151, 152, 156, 158, 159, 160, 163, 166, 168, 179, 181, 186, 187, 190, 191, 192, 194, 195, 196, 199, 201, 216, 218, 226, 227, 230, 231, 232, 234, 235, 236, 239, 254, 255, 259, 260, 262, 263, 264, 266, 267, 272, 274, 275, 279, 280, 281, 282, 284, 288, 291, 292, 295, 296, 299, 300, 303, 304, 307, 308, 310, 314, 316, 317, 318, 319, 320, 322, 323, 325, 329, 334, 336, 337, 339, 340, 341, 342, 343, 347, 348, 349, 350, 351, 352, 353, 354, 355, 356, 358, 359, 360, 361, 362, 363, 365, 367, 368, 369, 370, 374, 375, 377, 378, 379, 380, 382, 383, 384, 386, 387, 388, 390, 391, 392, 393, 394, 395, 396, 397, 399], "summary": {"covered_lines": 157, "num_statements": 162, "percent_covered": 96.91358024691358, "percent_covered_display": "97", "missing_lines": 5, "excluded_lines": 0}, "missing_lines": [182, 219, 221, 222, 321], "excluded_lines": []}, "": {"executed_lines": [1, 15, 16, 17, 18, 19, 20, 27, 28, 29, 30, 31, 32, 33, 34, 35, 36, 37, 38, 41, 42, 56, 77, 93, 134, 154, 184, 224, 257, 277, 286, 312, 327, 345, 372, 402, 407, 408, 411, 414, 415, 422, 423, 424, 425, 426, 428, 431], "summary": {"covered_lines": 45, "num_statements": 67, "percent_covered": 67.16417910447761, "percent_covered_display": "67", "missing_lines": 22, "excluded_lines": 0}, "missing_lines": [432, 433, 435, 447, 448, 449, 450, 453, 456, 457, 458, 459, 462, 463, 464, 466, 469, 472, 473, 474, 476, 477], "excluded_lines": []}}}, "src/educational/__init__.py": {"executed_lines": [], "summary": {"covered_lines": 0, "num_statements": 0, "percent_covered": 100.0, "percent_covered_display": "100", "missing_lines": 0, "excluded_lines": 0}, "missing_lines": [], "excluded_lines": [], "functions": {"": {"executed_lines": [], "summary": {"covered_lines": 0, "num_statements": 0, "percent_covered": 100.0, "percent_covered_display": "100", "missing_lines": 0, "excluded_lines": 0}, "missing_lines": [], "excluded_lines": []}}, "classes": {"": {"executed_lines": [], "summary": {"covered_lines": 0, "num_statements": 0, "percent_covered": 100.0, "percent_covered_display": "100", "missing_lines": 0, "excluded_lines": 0}, "missing_lines": [], "excluded_lines": []}}}, "src/layout/__init__.py": {"executed_lines": [], "summary": {"covered_lines": 0, "num_statements": 0, "percent_covered": 100.0, "percent_covered_display": "100", "missing_lines": 0, "excluded_lines": 0}, "missing_lines": [], "excluded_lines": [], "functions": {"": {"executed_lines": [], "summary": {"covered_lines": 0, "num_statements": 0, "percent_covered": 100.0, "percent_covered_display": "100", "missing_lines": 0, "excluded_lines": 0}, "missing_lines": [], "excluded_lines": []}}, "classes": {"": {"executed_lines": [], "summary": {"covered_lines": 0, "num_statements": 0, "percent_covered": 100.0, "percent_covered_display": "100", "missing_lines": 0, "excluded_lines": 0}, "missing_lines": [], "excluded_lines": []}}}, "src/plugins/__init__.py": {"executed_lines": [], "summary": {"covered_lines": 0, "num_statements": 6, "percent_covered": 0.0, "percent_covered_display": "0", "missing_lines": 6, "excluded_lines": 0}, "missing_lines": [10, 11, 12, 13, 14, 16], "excluded_lines": [], "functions": {"": {"executed_lines": [], "summary": {"covered_lines": 0, "num_statements": 6, "percent_covered": 0.0, "percent_covered_display": "0", "missing_lines": 6, "excluded_lines": 0}, "missing_lines": [10, 11, 12, 13, 14, 16], "excluded_lines": []}}, "classes": {"": {"executed_lines": [], "summary": {"covered_lines": 0, "num_statements": 6, "percent_covered": 0.0, "percent_covered_display": "0", "missing_lines": 6, "excluded_lines": 0}, "missing_lines": [10, 11, 12, 13, 14, 16], "excluded_lines": []}}}, "src/plugins/base.py": {"executed_lines": [], "summary": {"covered_lines": 0, "num_statements": 84, "percent_covered": 0.0, "percent_covered_display": "0", "missing_lines": 84, "excluded_lines": 8}, "missing_lines": [14, 15, 16, 17, 18, 21, 23, 24, 25, 26, 27, 30, 31, 41, 42, 43, 44, 46, 48, 49, 50, 51, 54, 90, 100, 101, 102, 103, 104, 105, 107, 108, 110, 112, 113, 115, 117, 118, 120, 122, 123, 129, 131, 132, 134, 136, 147, 148, 150, 151, 153, 155, 156, 173, 175, 176, 199, 201, 223, 225, 251, 252, 254, 255, 257, 258, 259, 262, 263, 266, 267, 269, 271, 272, 273, 274, 275, 278, 280, 288, 289, 290, 291, 292], "excluded_lines": [294, 295, 296, 297, 298, 299, 300, 301], "functions": {"PluginConfig.__post_init__": {"executed_lines": [], "summary": {"covered_lines": 0, "num_statements": 4, "percent_covered": 0.0, "percent_covered_display": "0", "missing_lines": 4, "excluded_lines": 0}, "missing_lines": [48, 49, 50, 51], "excluded_lines": []}, "Plugin.__init__": {"executed_lines": [], "summary": {"covered_lines": 0, "num_statements": 6, "percent_covered": 0.0, "percent_covered_display": "0", "missing_lines": 6, "excluded_lines": 0}, "missing_lines": [100, 101, 102, 103, 104, 105], "excluded_lines": []}, "Plugin.name": {"executed_lines": [], "summary": {"covered_lines": 0, "num_statements": 1, "percent_covered": 0.0, "percent_covered_display": "0", "missing_lines": 1, "excluded_lines": 0}, "missing_lines": [110], "excluded_lines": []}, "Plugin.status": {"executed_lines": [], "summary": {"covered_lines": 0, "num_statements": 1, "percent_covered": 0.0, "percent_covered_display": "0", "missing_lines": 1, "excluded_lines": 0}, "missing_lines": [115], "excluded_lines": []}, "Plugin.error_count": {"executed_lines": [], "summary": {"covered_lines": 0, "num_statements": 1, "percent_covered": 0.0, "percent_covered_display": "0", "missing_lines": 1, "excluded_lines": 0}, "missing_lines": [120], "excluded_lines": []}, "Plugin.consecutive_errors": {"executed_lines": [], "summary": {"covered_lines": 0, "num_statements": 1, "percent_covered": 0.0, "percent_covered_display": "0", "missing_lines": 1, "excluded_lines": 0}, "missing_lines": [129], "excluded_lines": []}, "Plugin.last_error": {"executed_lines": [], "summary": {"covered_lines": 0, "num_statements": 1, "percent_covered": 0.0, "percent_covered_display": "0", "missing_lines": 1, "excluded_lines": 0}, "missing_lines": [134], "excluded_lines": []}, "Plugin.should_collect": {"executed_lines": [], "summary": {"covered_lines": 0, "num_statements": 5, "percent_covered": 0.0, "percent_covered_display": "0", "missing_lines": 5, "excluded_lines": 0}, "missing_lines": [147, 148, 150, 151, 153], "excluded_lines": []}, "Plugin.initialize": {"executed_lines": [], "summary": {"covered_lines": 0, "num_statements": 1, "percent_covered": 0.0, "percent_covered_display": "0", "missing_lines": 1, "excluded_lines": 0}, "missing_lines": [173], "excluded_lines": []}, "Plugin.collect_data": {"executed_lines": [], "summary": {"covered_lines": 0, "num_statements": 1, "percent_covered": 0.0, "percent_covered_display": "0", "missing_lines": 1, "excluded_lines": 0}, "missing_lines": [199], "excluded_lines": []}, "Plugin.cleanup": {"executed_lines": [], "summary": {"covered_lines": 0, "num_statements": 1, "percent_covered": 0.0, "percent_covered_display": "0", "missing_lines": 1, "excluded_lines": 0}, "missing_lines": [223], "excluded_lines": []}, "Plugin.collect_safe": {"executed_lines": [], "summary": {"covered_lines": 0, "num_statements": 18, "percent_covered": 0.0, "percent_covered_display": "0", "missing_lines": 18, "excluded_lines": 0}, "missing_lines": [251, 252, 254, 255, 257, 258, 259, 262, 263, 266, 267, 269, 271, 272, 273, 274, 275, 278], "excluded_lines": []}, "Plugin.reset_errors": {"executed_lines": [], "summary": {"covered_lines": 0, "num_statements": 5, "percent_covered": 0.0, "percent_covered_display": "0", "missing_lines": 5, "excluded_lines": 0}, "missing_lines": [288, 289, 290, 291, 292], "excluded_lines": []}, "Plugin.__repr__": {"executed_lines": [], "summary": {"covered_lines": 0, "num_statements": 0, "percent_covered": 100.0, "percent_covered_display": "100", "missing_lines": 0, "excluded_lines": 7}, "missing_lines": [], "excluded_lines": [295, 296, 297, 298, 299, 300, 301]}, "": {"executed_lines": [], "summary": {"covered_lines": 0, "num_statements": 38, "percent_covered": 0.0, "percent_covered_display": "0", "missing_lines": 38, "excluded_lines": 1}, "missing_lines": [14, 15, 16, 17, 18, 21, 23, 24, 25, 26, 27, 30, 31, 41, 42, 43, 44, 46, 54, 90, 107, 108, 112, 113, 117, 118, 122, 123, 131, 132, 136, 155, 156, 175, 176, 201, 225, 280], "excluded_lines": [294]}}, "classes": {"PluginStatus": {"executed_lines": [], "summary": {"covered_lines": 0, "num_statements": 0, "percent_covered": 100.0, "percent_covered_display": "100", "missing_lines": 0, "excluded_lines": 0}, "missing_lines": [], "excluded_lines": []}, "PluginConfig": {"executed_lines": [], "summary": {"covered_lines": 0, "num_statements": 4, "percent_covered": 0.0, "percent_covered_display": "0", "missing_lines": 4, "excluded_lines": 0}, "missing_lines": [48, 49, 50, 51], "excluded_lines": []}, "Plugin": {"executed_lines": [], "summary": {"covered_lines": 0, "num_statements": 42, "percent_covered": 0.0, "percent_covered_display": "0", "missing_lines": 42, "excluded_lines": 7}, "missing_lines": [100, 101, 102, 103, 104, 105, 110, 115, 120, 129, 134, 147, 148, 150, 151, 153, 173, 199, 223, 251, 252, 254, 255, 257, 258, 259, 262, 263, 266, 267, 269, 271, 272, 273, 274, 275, 278, 288, 289, 290, 291, 292], "excluded_lines": [295, 296, 297, 298, 299, 300, 301]}, "": {"executed_lines": [], "summary": {"covered_lines": 0, "num_statements": 38, "percent_covered": 0.0, "percent_covered_display": "0", "missing_lines": 38, "excluded_lines": 1}, "missing_lines": [14, 15, 16, 17, 18, 21, 23, 24, 25, 26, 27, 30, 31, 41, 42, 43, 44, 46, 54, 90, 107, 108, 112, 113, 117, 118, 122, 123, 131, 132, 136, 155, 156, 175, 176, 201, 225, 280], "excluded_lines": [294]}}}, "src/plugins/network_plugin.py": {"executed_lines": [], "summary": {"covered_lines": 0, "num_statements": 50, "percent_covered": 0.0, "percent_covered_display": "0", "missing_lines": 50, "excluded_lines": 0}, "missing_lines": [11, 12, 14, 17, 50, 59, 61, 63, 64, 65, 66, 69, 70, 71, 72, 73, 76, 77, 80, 83, 84, 85, 86, 87, 88, 89, 91, 93, 107, 108, 111, 114, 115, 117, 119, 120, 122, 123, 126, 127, 130, 131, 132, 135, 136, 139, 141, 156, 158, 164], "excluded_lines": [], "functions": {"NetworkPlugin.initialize": {"executed_lines": [], "summary": {"covered_lines": 0, "num_statements": 22, "percent_covered": 0.0, "percent_covered_display": "0", "missing_lines": 22, "excluded_lines": 0}, "missing_lines": [59, 61, 63, 64, 65, 66, 69, 70, 71, 72, 73, 76, 77, 80, 83, 84, 85, 86, 87, 88, 89, 91], "excluded_lines": []}, "NetworkPlugin.collect_data": {"executed_lines": [], "summary": {"covered_lines": 0, "num_statements": 20, "percent_covered": 0.0, "percent_covered_display": "0", "missing_lines": 20, "excluded_lines": 0}, "missing_lines": [107, 108, 111, 114, 115, 117, 119, 120, 122, 123, 126, 127, 130, 131, 132, 135, 136, 139, 141, 156], "excluded_lines": []}, "NetworkPlugin.cleanup": {"executed_lines": [], "summary": {"covered_lines": 0, "num_statements": 1, "percent_covered": 0.0, "percent_covered_display": "0", "missing_lines": 1, "excluded_lines": 0}, "missing_lines": [164], "excluded_lines": []}, "": {"executed_lines": [], "summary": {"covered_lines": 0, "num_statements": 7, "percent_covered": 0.0, "percent_covered_display": "0", "missing_lines": 7, "excluded_lines": 0}, "missing_lines": [11, 12, 14, 17, 50, 93, 158], "excluded_lines": []}}, "classes": {"NetworkPlugin": {"executed_lines": [], "summary": {"covered_lines": 0, "num_statements": 43, "percent_covered": 0.0, "percent_covered_display": "0", "missing_lines": 43, "excluded_lines": 0}, "missing_lines": [59, 61, 63, 64, 65, 66, 69, 70, 71, 72, 73, 76, 77, 80, 83, 84, 85, 86, 87, 88, 89, 91, 107, 108, 111, 114, 115, 117, 119, 120, 122, 123, 126, 127, 130, 131, 132, 135, 136, 139, 141, 156, 164], "excluded_lines": []}, "": {"executed_lines": [], "summary": {"covered_lines": 0, "num_statements": 7, "percent_covered": 0.0, "percent_covered_display": "0", "missing_lines": 7, "excluded_lines": 0}, "missing_lines": [11, 12, 14, 17, 50, 93, 158], "excluded_lines": []}}}, "src/plugins/network_topology_plugin.py": {"executed_lines": [], "summary": {"covered_lines": 0, "num_statements": 156, "percent_covered": 0.0, "percent_covered_display": "0", "missing_lines": 156, "excluded_lines": 0}, "missing_lines": [13, 14, 15, 16, 17, 18, 20, 21, 22, 23, 24, 25, 27, 28, 29, 30, 31, 33, 35, 38, 41, 42, 44, 45, 46, 47, 48, 50, 51, 54, 65, 66, 67, 68, 69, 70, 71, 74, 76, 78, 80, 82, 84, 86, 87, 88, 90, 91, 94, 97, 98, 100, 102, 103, 104, 105, 107, 109, 116, 118, 120, 122, 123, 124, 125, 126, 128, 130, 131, 133, 134, 135, 138, 139, 140, 141, 143, 145, 146, 148, 149, 150, 151, 152, 154, 156, 157, 158, 159, 160, 163, 165, 167, 168, 170, 173, 174, 175, 178, 180, 183, 184, 185, 188, 189, 190, 193, 196, 199, 206, 207, 210, 211, 212, 213, 214, 216, 218, 219, 220, 221, 222, 224, 227, 228, 230, 231, 232, 233, 234, 235, 236, 237, 240, 241, 242, 245, 248, 249, 250, 251, 252, 290, 292, 294, 296, 298, 300, 302, 303, 305, 306, 308, 309, 316, 317], "excluded_lines": [], "functions": {"NetworkDevice.to_dict": {"executed_lines": [], "summary": {"covered_lines": 0, "num_statements": 1, "percent_covered": 0.0, "percent_covered_display": "0", "missing_lines": 1, "excluded_lines": 0}, "missing_lines": [51], "excluded_lines": []}, "NetworkTopologyPlugin.__init__": {"executed_lines": [], "summary": {"covered_lines": 0, "num_statements": 7, "percent_covered": 0.0, "percent_covered_display": "0", "missing_lines": 7, "excluded_lines": 0}, "missing_lines": [66, 67, 68, 69, 70, 71, 74], "excluded_lines": []}, "NetworkTopologyPlugin.initialize": {"executed_lines": [], "summary": {"covered_lines": 0, "num_statements": 1, "percent_covered": 0.0, "percent_covered_display": "0", "missing_lines": 1, "excluded_lines": 0}, "missing_lines": [78], "excluded_lines": []}, "NetworkTopologyPlugin.collect_data": {"executed_lines": [], "summary": {"covered_lines": 0, "num_statements": 1, "percent_covered": 0.0, "percent_covered_display": "0", "missing_lines": 1, "excluded_lines": 0}, "missing_lines": [82], "excluded_lines": []}, "NetworkTopologyPlugin.start": {"executed_lines": [], "summary": {"covered_lines": 0, "num_statements": 8, "percent_covered": 0.0, "percent_covered_display": "0", "missing_lines": 8, "excluded_lines": 0}, "missing_lines": [86, 87, 88, 90, 91, 94, 97, 98], "excluded_lines": []}, "NetworkTopologyPlugin.stop": {"executed_lines": [], "summary": {"covered_lines": 0, "num_statements": 4, "percent_covered": 0.0, "percent_covered_display": "0", "missing_lines": 4, "excluded_lines": 0}, "missing_lines": [102, 103, 104, 105], "excluded_lines": []}, "NetworkTopologyPlugin.get_data": {"executed_lines": [], "summary": {"covered_lines": 0, "num_statements": 1, "percent_covered": 0.0, "percent_covered_display": "0", "missing_lines": 1, "excluded_lines": 0}, "missing_lines": [109], "excluded_lines": []}, "NetworkTopologyPlugin.requires_root": {"executed_lines": [], "summary": {"covered_lines": 0, "num_statements": 1, "percent_covered": 0.0, "percent_covered_display": "0", "missing_lines": 1, "excluded_lines": 0}, "missing_lines": [118], "excluded_lines": []}, "NetworkTopologyPlugin._detect_network": {"executed_lines": [], "summary": {"covered_lines": 0, "num_statements": 23, "percent_covered": 0.0, "percent_covered_display": "0", "missing_lines": 23, "excluded_lines": 0}, "missing_lines": [122, 123, 124, 125, 126, 128, 130, 131, 133, 134, 135, 138, 139, 140, 141, 143, 145, 146, 148, 149, 150, 151, 152], "excluded_lines": []}, "NetworkTopologyPlugin._scan_loop": {"executed_lines": [], "summary": {"covered_lines": 0, "num_statements": 6, "percent_covered": 0.0, "percent_covered_display": "0", "missing_lines": 6, "excluded_lines": 0}, "missing_lines": [156, 157, 158, 159, 160, 163], "excluded_lines": []}, "NetworkTopologyPlugin._scan_network": {"executed_lines": [], "summary": {"covered_lines": 0, "num_statements": 24, "percent_covered": 0.0, "percent_covered_display": "0", "missing_lines": 24, "excluded_lines": 0}, "missing_lines": [167, 168, 170, 173, 174, 175, 178, 180, 183, 184, 185, 188, 189, 190, 193, 196, 199, 206, 207, 210, 211, 212, 213, 214], "excluded_lines": []}, "NetworkTopologyPlugin._resolve_hostname": {"executed_lines": [], "summary": {"covered_lines": 0, "num_statements": 5, "percent_covered": 0.0, "percent_covered_display": "0", "missing_lines": 5, "excluded_lines": 0}, "missing_lines": [218, 219, 220, 221, 222], "excluded_lines": []}, "NetworkTopologyPlugin._lookup_vendor": {"executed_lines": [], "summary": {"covered_lines": 0, "num_statements": 13, "percent_covered": 0.0, "percent_covered_display": "0", "missing_lines": 13, "excluded_lines": 0}, "missing_lines": [227, 228, 230, 231, 232, 233, 234, 235, 236, 237, 240, 241, 242], "excluded_lines": []}, "MockNetworkTopologyPlugin.__init__": {"executed_lines": [], "summary": {"covered_lines": 0, "num_statements": 4, "percent_covered": 0.0, "percent_covered_display": "0", "missing_lines": 4, "excluded_lines": 0}, "missing_lines": [249, 250, 251, 252], "excluded_lines": []}, "MockNetworkTopologyPlugin.initialize": {"executed_lines": [], "summary": {"covered_lines": 0, "num_statements": 1, "percent_covered": 0.0, "percent_covered_display": "0", "missing_lines": 1, "excluded_lines": 0}, "missing_lines": [292], "excluded_lines": []}, "MockNetworkTopologyPlugin.collect_data": {"executed_lines": [], "summary": {"covered_lines": 0, "num_statements": 1, "percent_covered": 0.0, "percent_covered_display": "0", "missing_lines": 1, "excluded_lines": 0}, "missing_lines": [296], "excluded_lines": []}, "MockNetworkTopologyPlugin.cleanup": {"executed_lines": [], "summary": {"covered_lines": 0, "num_statements": 1, "percent_covered": 0.0, "percent_covered_display": "0", "missing_lines": 1, "excluded_lines": 0}, "missing_lines": [300], "excluded_lines": []}, "MockNetworkTopologyPlugin.start": {"executed_lines": [], "summary": {"covered_lines": 0, "num_statements": 1, "percent_covered": 0.0, "percent_covered_display": "0", "missing_lines": 1, "excluded_lines": 0}, "missing_lines": [303], "excluded_lines": []}, "MockNetworkTopologyPlugin.stop": {"executed_lines": [], "summary": {"covered_lines": 0, "num_statements": 1, "percent_covered": 0.0, "percent_covered_display": "0", "missing_lines": 1, "excluded_lines": 0}, "missing_lines": [306], "excluded_lines": []}, "MockNetworkTopologyPlugin.get_data": {"executed_lines": [], "summary": {"covered_lines": 0, "num_statements": 1, "percent_covered": 0.0, "percent_covered_display": "0", "missing_lines": 1, "excluded_lines": 0}, "missing_lines": [309], "excluded_lines": []}, "MockNetworkTopologyPlugin.requires_root": {"executed_lines": [], "summary": {"covered_lines": 0, "num_statements": 1, "percent_covered": 0.0, "percent_covered_display": "0", "missing_lines": 1, "excluded_lines": 0}, "missing_lines": [317], "excluded_lines": []}, "": {"executed_lines": [], "summary": {"covered_lines": 0, "num_statements": 50, "percent_covered": 0.0, "percent_covered_display": "0", "missing_lines": 50, "excluded_lines": 0}, "missing_lines": [13, 14, 15, 16, 17, 18, 20, 21, 22, 23, 24, 25, 27, 28, 29, 30, 31, 33, 35, 38, 41, 42, 44, 45, 46, 47, 48, 50, 54, 65, 76, 80, 84, 100, 107, 116, 120, 154, 165, 216, 224, 245, 248, 290, 294, 298, 302, 305, 308, 316], "excluded_lines": []}}, "classes": {"NetworkDevice": {"executed_lines": [], "summary": {"covered_lines": 0, "num_statements": 1, "percent_covered": 0.0, "percent_covered_display": "0", "missing_lines": 1, "excluded_lines": 0}, "missing_lines": [51], "excluded_lines": []}, "NetworkTopologyPlugin": {"executed_lines": [], "summary": {"covered_lines": 0, "num_statements": 94, "percent_covered": 0.0, "percent_covered_display": "0", "missing_lines": 94, "excluded_lines": 0}, "missing_lines": [66, 67, 68, 69, 70, 71, 74, 78, 82, 86, 87, 88, 90, 91, 94, 97, 98, 102, 103, 104, 105, 109, 118, 122, 123, 124, 125, 126, 128, 130, 131, 133, 134, 135, 138, 139, 140, 141, 143, 145, 146, 148, 149, 150, 151, 152, 156, 157, 158, 159, 160, 163, 167, 168, 170, 173, 174, 175, 178, 180, 183, 184, 185, 188, 189, 190, 193, 196, 199, 206, 207, 210, 211, 212, 213, 214, 218, 219, 220, 221, 222, 227, 228, 230, 231, 232, 233, 234, 235, 236, 237, 240, 241, 242], "excluded_lines": []}, "MockNetworkTopologyPlugin": {"executed_lines": [], "summary": {"covered_lines": 0, "num_statements": 11, "percent_covered": 0.0, "percent_covered_display": "0", "missing_lines": 11, "excluded_lines": 0}, "missing_lines": [249, 250, 251, 252, 292, 296, 300, 303, 306, 309, 317], "excluded_lines": []}, "": {"executed_lines": [], "summary": {"covered_lines": 0, "num_statements": 50, "percent_covered": 0.0, "percent_covered_display": "0", "missing_lines": 50, "excluded_lines": 0}, "missing_lines": [13, 14, 15, 16, 17, 18, 20, 21, 22, 23, 24, 25, 27, 28, 29, 30, 31, 33, 35, 38, 41, 42, 44, 45, 46, 47, 48, 50, 54, 65, 76, 80, 84, 100, 107, 116, 120, 154, 165, 216, 224, 245, 248, 290, 294, 298, 302, 305, 308, 316], "excluded_lines": []}}}, "src/plugins/packet_analyzer_plugin.py": {"executed_lines": [], "summary": {"covered_lines": 0, "num_statements": 129, "percent_covered": 0.0, "percent_covered_display": "0", "missing_lines": 129, "excluded_lines": 0}, "missing_lines": [12, 13, 15, 18, 58, 75, 77, 79, 80, 81, 82, 83, 86, 87, 88, 89, 90, 93, 94, 95, 96, 97, 100, 101, 102, 103, 104, 105, 107, 117, 119, 120, 121, 123, 126, 129, 130, 132, 133, 138, 139, 141, 143, 145, 155, 157, 158, 160, 163, 170, 171, 173, 174, 176, 178, 180, 188, 189, 192, 193, 194, 195, 196, 198, 199, 201, 203, 205, 219, 222, 223, 224, 226, 227, 229, 243, 254, 256, 275, 276, 279, 280, 286, 289, 290, 291, 293, 295, 296, 299, 300, 301, 302, 303, 306, 309, 312, 317, 319, 329, 343, 344, 347, 350, 351, 352, 353, 354, 355, 357, 358, 361, 362, 363, 365, 367, 368, 371, 372, 373, 374, 375, 378, 381, 384, 389, 391, 401, 407], "excluded_lines": [], "functions": {"PacketAnalyzerPlugin.initialize": {"executed_lines": [], "summary": {"covered_lines": 0, "num_statements": 23, "percent_covered": 0.0, "percent_covered_display": "0", "missing_lines": 23, "excluded_lines": 0}, "missing_lines": [75, 77, 79, 80, 81, 82, 83, 86, 87, 88, 89, 90, 93, 94, 95, 96, 97, 100, 101, 102, 103, 104, 105], "excluded_lines": []}, "PacketAnalyzerPlugin._try_initialize_scapy": {"executed_lines": [], "summary": {"covered_lines": 0, "num_statements": 14, "percent_covered": 0.0, "percent_covered_display": "0", "missing_lines": 14, "excluded_lines": 0}, "missing_lines": [117, 119, 120, 121, 123, 126, 129, 130, 132, 133, 138, 139, 141, 143], "excluded_lines": []}, "PacketAnalyzerPlugin._try_initialize_pyshark": {"executed_lines": [], "summary": {"covered_lines": 0, "num_statements": 11, "percent_covered": 0.0, "percent_covered_display": "0", "missing_lines": 11, "excluded_lines": 0}, "missing_lines": [155, 157, 158, 160, 163, 170, 171, 173, 174, 176, 178], "excluded_lines": []}, "PacketAnalyzerPlugin.collect_data": {"executed_lines": [], "summary": {"covered_lines": 0, "num_statements": 10, "percent_covered": 0.0, "percent_covered_display": "0", "missing_lines": 10, "excluded_lines": 0}, "missing_lines": [188, 189, 192, 193, 194, 195, 196, 198, 199, 201], "excluded_lines": []}, "PacketAnalyzerPlugin._get_unavailable_status": {"executed_lines": [], "summary": {"covered_lines": 0, "num_statements": 1, "percent_covered": 0.0, "percent_covered_display": "0", "missing_lines": 1, "excluded_lines": 0}, "missing_lines": [205], "excluded_lines": []}, "PacketAnalyzerPlugin._get_error_status": {"executed_lines": [], "summary": {"covered_lines": 0, "num_statements": 6, "percent_covered": 0.0, "percent_covered_display": "0", "missing_lines": 6, "excluded_lines": 0}, "missing_lines": [222, 223, 224, 226, 227, 229], "excluded_lines": []}, "PacketAnalyzerPlugin._collect_mock": {"executed_lines": [], "summary": {"covered_lines": 0, "num_statements": 1, "percent_covered": 0.0, "percent_covered_display": "0", "missing_lines": 1, "excluded_lines": 0}, "missing_lines": [254], "excluded_lines": []}, "PacketAnalyzerPlugin._collect_scapy": {"executed_lines": [], "summary": {"covered_lines": 0, "num_statements": 21, "percent_covered": 0.0, "percent_covered_display": "0", "missing_lines": 21, "excluded_lines": 0}, "missing_lines": [275, 276, 279, 280, 286, 289, 290, 291, 293, 295, 296, 299, 300, 301, 302, 303, 306, 309, 312, 317, 319], "excluded_lines": []}, "PacketAnalyzerPlugin._collect_pyshark": {"executed_lines": [], "summary": {"covered_lines": 0, "num_statements": 27, "percent_covered": 0.0, "percent_covered_display": "0", "missing_lines": 27, "excluded_lines": 0}, "missing_lines": [343, 344, 347, 350, 351, 352, 353, 354, 355, 357, 358, 361, 362, 363, 365, 367, 368, 371, 372, 373, 374, 375, 378, 381, 384, 389, 391], "excluded_lines": []}, "PacketAnalyzerPlugin.cleanup": {"executed_lines": [], "summary": {"covered_lines": 0, "num_statements": 1, "percent_covered": 0.0, "percent_covered_display": "0", "missing_lines": 1, "excluded_lines": 0}, "missing_lines": [407], "excluded_lines": []}, "": {"executed_lines": [], "summary": {"covered_lines": 0, "num_statements": 14, "percent_covered": 0.0, "percent_covered_display": "0", "missing_lines": 14, "excluded_lines": 0}, "missing_lines": [12, 13, 15, 18, 58, 107, 145, 180, 203, 219, 243, 256, 329, 401], "excluded_lines": []}}, "classes": {"PacketAnalyzerPlugin": {"executed_lines": [], "summary": {"covered_lines": 0, "num_statements": 115, "percent_covered": 0.0, "percent_covered_display": "0", "missing_lines": 115, "excluded_lines": 0}, "missing_lines": [75, 77, 79, 80, 81, 82, 83, 86, 87, 88, 89, 90, 93, 94, 95, 96, 97, 100, 101, 102, 103, 104, 105, 117, 119, 120, 121, 123, 126, 129, 130, 132, 133, 138, 139, 141, 143, 155, 157, 158, 160, 163, 170, 171, 173, 174, 176, 178, 188, 189, 192, 193, 194, 195, 196, 198, 199, 201, 205, 222, 223, 224, 226, 227, 229, 254, 275, 276, 279, 280, 286, 289, 290, 291, 293, 295, 296, 299, 300, 301, 302, 303, 306, 309, 312, 317, 319, 343, 344, 347, 350, 351, 352, 353, 354, 355, 357, 358, 361, 362, 363, 365, 367, 368, 371, 372, 373, 374, 375, 378, 381, 384, 389, 391, 407], "excluded_lines": []}, "": {"executed_lines": [], "summary": {"covered_lines": 0, "num_statements": 14, "percent_covered": 0.0, "percent_covered_display": "0", "missing_lines": 14, "excluded_lines": 0}, "missing_lines": [12, 13, 15, 18, 58, 107, 145, 180, 203, 219, 243, 256, 329, 401], "excluded_lines": []}}}, "src/plugins/system_plugin.py": {"executed_lines": [], "summary": {"covered_lines": 0, "num_statements": 56, "percent_covered": 0.0, "percent_covered_display": "0", "missing_lines": 56, "excluded_lines": 0}, "missing_lines": [11, 13, 16, 51, 62, 64, 66, 67, 68, 69, 72, 73, 74, 75, 76, 79, 80, 83, 86, 87, 88, 89, 91, 94, 95, 96, 97, 99, 102, 104, 106, 121, 122, 125, 126, 127, 130, 131, 132, 133, 136, 137, 138, 139, 142, 143, 144, 146, 162, 163, 164, 165, 166, 168, 170, 176], "excluded_lines": [], "functions": {"SystemPlugin.initialize": {"executed_lines": [], "summary": {"covered_lines": 0, "num_statements": 26, "percent_covered": 0.0, "percent_covered_display": "0", "missing_lines": 26, "excluded_lines": 0}, "missing_lines": [62, 64, 66, 67, 68, 69, 72, 73, 74, 75, 76, 79, 80, 83, 86, 87, 88, 89, 91, 94, 95, 96, 97, 99, 102, 104], "excluded_lines": []}, "SystemPlugin.collect_data": {"executed_lines": [], "summary": {"covered_lines": 0, "num_statements": 23, "percent_covered": 0.0, "percent_covered_display": "0", "missing_lines": 23, "excluded_lines": 0}, "missing_lines": [121, 122, 125, 126, 127, 130, 131, 132, 133, 136, 137, 138, 139, 142, 143, 144, 146, 162, 163, 164, 165, 166, 168], "excluded_lines": []}, "SystemPlugin.cleanup": {"executed_lines": [], "summary": {"covered_lines": 0, "num_statements": 1, "percent_covered": 0.0, "percent_covered_display": "0", "missing_lines": 1, "excluded_lines": 0}, "missing_lines": [176], "excluded_lines": []}, "": {"executed_lines": [], "summary": {"covered_lines": 0, "num_statements": 6, "percent_covered": 0.0, "percent_covered_display": "0", "missing_lines": 6, "excluded_lines": 0}, "missing_lines": [11, 13, 16, 51, 106, 170], "excluded_lines": []}}, "classes": {"SystemPlugin": {"executed_lines": [], "summary": {"covered_lines": 0, "num_statements": 50, "percent_covered": 0.0, "percent_covered_display": "0", "missing_lines": 50, "excluded_lines": 0}, "missing_lines": [62, 64, 66, 67, 68, 69, 72, 73, 74, 75, 76, 79, 80, 83, 86, 87, 88, 89, 91, 94, 95, 96, 97, 99, 102, 104, 121, 122, 125, 126, 127, 130, 131, 132, 133, 136, 137, 138, 139, 142, 143, 144, 146, 162, 163, 164, 165, 166, 168, 176], "excluded_lines": []}, "": {"executed_lines": [], "summary": {"covered_lines": 0, "num_statements": 6, "percent_covered": 0.0, "percent_covered_display": "0", "missing_lines": 6, "excluded_lines": 0}, "missing_lines": [11, 13, 16, 51, 106, 170], "excluded_lines": []}}}, "src/plugins/wifi_plugin.py": {"executed_lines": [], "summary": {"covered_lines": 0, "num_statements": 211, "percent_covered": 0.0, "percent_covered_display": "0", "missing_lines": 211, "excluded_lines": 0}, "missing_lines": [14, 15, 16, 17, 19, 22, 55, 65, 67, 69, 70, 71, 72, 73, 76, 78, 79, 82, 83, 85, 86, 87, 88, 89, 92, 93, 94, 95, 96, 97, 100, 101, 102, 103, 105, 106, 108, 119, 120, 123, 124, 127, 128, 129, 130, 131, 133, 134, 136, 152, 154, 155, 156, 157, 158, 159, 161, 162, 164, 181, 188, 190, 196, 197, 198, 199, 200, 201, 204, 205, 206, 207, 208, 209, 211, 213, 215, 216, 217, 218, 219, 221, 223, 224, 225, 226, 227, 229, 231, 233, 243, 246, 259, 260, 261, 264, 265, 269, 270, 271, 272, 273, 274, 275, 276, 277, 280, 281, 282, 283, 287, 290, 291, 292, 293, 296, 297, 298, 299, 302, 303, 304, 305, 306, 308, 322, 324, 325, 327, 333, 334, 341, 344, 345, 346, 347, 348, 349, 351, 352, 355, 356, 357, 358, 360, 361, 363, 365, 366, 367, 369, 370, 372, 373, 374, 375, 377, 379, 392, 393, 395, 401, 402, 403, 406, 407, 408, 410, 411, 414, 416, 419, 421, 423, 436, 438, 439, 441, 443, 444, 450, 451, 452, 453, 455, 457, 470, 471, 479, 480, 481, 482, 484, 486, 487, 493, 494, 495, 496, 498, 500, 501, 507, 509, 510, 512, 513, 515, 517, 519, 525], "excluded_lines": [], "functions": {"WiFiPlugin.initialize": {"executed_lines": [], "summary": {"covered_lines": 0, "num_statements": 29, "percent_covered": 0.0, "percent_covered_display": "0", "missing_lines": 29, "excluded_lines": 0}, "missing_lines": [65, 67, 69, 70, 71, 72, 73, 76, 78, 79, 82, 83, 85, 86, 87, 88, 89, 92, 93, 94, 95, 96, 97, 100, 101, 102, 103, 105, 106], "excluded_lines": []}, "WiFiPlugin.collect_data": {"executed_lines": [], "summary": {"covered_lines": 0, "num_statements": 12, "percent_covered": 0.0, "percent_covered_display": "0", "missing_lines": 12, "excluded_lines": 0}, "missing_lines": [119, 120, 123, 124, 127, 128, 129, 130, 131, 133, 134, 136], "excluded_lines": []}, "WiFiPlugin._get_unavailable_status": {"executed_lines": [], "summary": {"covered_lines": 0, "num_statements": 9, "percent_covered": 0.0, "percent_covered_display": "0", "missing_lines": 9, "excluded_lines": 0}, "missing_lines": [154, 155, 156, 157, 158, 159, 161, 162, 164], "excluded_lines": []}, "WiFiPlugin._detect_wifi_interface": {"executed_lines": [], "summary": {"covered_lines": 0, "num_statements": 15, "percent_covered": 0.0, "percent_covered_display": "0", "missing_lines": 15, "excluded_lines": 0}, "missing_lines": [188, 190, 196, 197, 198, 199, 200, 201, 204, 205, 206, 207, 208, 209, 211], "excluded_lines": []}, "WiFiPlugin._has_nmcli": {"executed_lines": [], "summary": {"covered_lines": 0, "num_statements": 5, "percent_covered": 0.0, "percent_covered_display": "0", "missing_lines": 5, "excluded_lines": 0}, "missing_lines": [215, 216, 217, 218, 219], "excluded_lines": []}, "WiFiPlugin._has_iwconfig": {"executed_lines": [], "summary": {"covered_lines": 0, "num_statements": 5, "percent_covered": 0.0, "percent_covered_display": "0", "missing_lines": 5, "excluded_lines": 0}, "missing_lines": [223, 224, 225, 226, 227], "excluded_lines": []}, "WiFiPlugin._has_proc_wireless": {"executed_lines": [], "summary": {"covered_lines": 0, "num_statements": 1, "percent_covered": 0.0, "percent_covered_display": "0", "missing_lines": 1, "excluded_lines": 0}, "missing_lines": [231], "excluded_lines": []}, "WiFiPlugin._collect_nmcli": {"executed_lines": [], "summary": {"covered_lines": 0, "num_statements": 38, "percent_covered": 0.0, "percent_covered_display": "0", "missing_lines": 38, "excluded_lines": 0}, "missing_lines": [243, 246, 259, 260, 261, 264, 265, 269, 270, 271, 272, 273, 274, 275, 276, 277, 280, 281, 282, 283, 287, 290, 291, 292, 293, 296, 297, 298, 299, 302, 303, 304, 305, 306, 308, 322, 324, 325], "excluded_lines": []}, "WiFiPlugin._collect_iwconfig": {"executed_lines": [], "summary": {"covered_lines": 0, "num_statements": 31, "percent_covered": 0.0, "percent_covered_display": "0", "missing_lines": 31, "excluded_lines": 0}, "missing_lines": [333, 334, 341, 344, 345, 346, 347, 348, 349, 351, 352, 355, 356, 357, 358, 360, 361, 363, 365, 366, 367, 369, 370, 372, 373, 374, 375, 377, 379, 392, 393], "excluded_lines": []}, "WiFiPlugin._collect_proc": {"executed_lines": [], "summary": {"covered_lines": 0, "num_statements": 16, "percent_covered": 0.0, "percent_covered_display": "0", "missing_lines": 16, "excluded_lines": 0}, "missing_lines": [401, 402, 403, 406, 407, 408, 410, 411, 414, 416, 419, 421, 423, 436, 438, 439], "excluded_lines": []}, "WiFiPlugin._get_bitrate_iwconfig": {"executed_lines": [], "summary": {"covered_lines": 0, "num_statements": 6, "percent_covered": 0.0, "percent_covered_display": "0", "missing_lines": 6, "excluded_lines": 0}, "missing_lines": [443, 444, 450, 451, 452, 453], "excluded_lines": []}, "WiFiPlugin._disconnected_data": {"executed_lines": [], "summary": {"covered_lines": 0, "num_statements": 1, "percent_covered": 0.0, "percent_covered_display": "0", "missing_lines": 1, "excluded_lines": 0}, "missing_lines": [457], "excluded_lines": []}, "WiFiPlugin._dbm_to_percent": {"executed_lines": [], "summary": {"covered_lines": 0, "num_statements": 5, "percent_covered": 0.0, "percent_covered_display": "0", "missing_lines": 5, "excluded_lines": 0}, "missing_lines": [479, 480, 481, 482, 484], "excluded_lines": []}, "WiFiPlugin._percent_to_dbm": {"executed_lines": [], "summary": {"covered_lines": 0, "num_statements": 5, "percent_covered": 0.0, "percent_covered_display": "0", "missing_lines": 5, "excluded_lines": 0}, "missing_lines": [493, 494, 495, 496, 498], "excluded_lines": []}, "WiFiPlugin._freq_to_channel": {"executed_lines": [], "summary": {"covered_lines": 0, "num_statements": 7, "percent_covered": 0.0, "percent_covered_display": "0", "missing_lines": 7, "excluded_lines": 0}, "missing_lines": [507, 509, 510, 512, 513, 515, 517], "excluded_lines": []}, "WiFiPlugin.cleanup": {"executed_lines": [], "summary": {"covered_lines": 0, "num_statements": 1, "percent_covered": 0.0, "percent_covered_display": "0", "missing_lines": 1, "excluded_lines": 0}, "missing_lines": [525], "excluded_lines": []}, "": {"executed_lines": [], "summary": {"covered_lines": 0, "num_statements": 25, "percent_covered": 0.0, "percent_covered_display": "0", "missing_lines": 25, "excluded_lines": 0}, "missing_lines": [14, 15, 16, 17, 19, 22, 55, 108, 152, 181, 213, 221, 229, 233, 327, 395, 441, 455, 470, 471, 486, 487, 500, 501, 519], "excluded_lines": []}}, "classes": {"WiFiPlugin": {"executed_lines": [], "summary": {"covered_lines": 0, "num_statements": 186, "percent_covered": 0.0, "percent_covered_display": "0", "missing_lines": 186, "excluded_lines": 0}, "missing_lines": [65, 67, 69, 70, 71, 72, 73, 76, 78, 79, 82, 83, 85, 86, 87, 88, 89, 92, 93, 94, 95, 96, 97, 100, 101, 102, 103, 105, 106, 119, 120, 123, 124, 127, 128, 129, 130, 131, 133, 134, 136, 154, 155, 156, 157, 158, 159, 161, 162, 164, 188, 190, 196, 197, 198, 199, 200, 201, 204, 205, 206, 207, 208, 209, 211, 215, 216, 217, 218, 219, 223, 224, 225, 226, 227, 231, 243, 246, 259, 260, 261, 264, 265, 269, 270, 271, 272, 273, 274, 275, 276, 277, 280, 281, 282, 283, 287, 290, 291, 292, 293, 296, 297, 298, 299, 302, 303, 304, 305, 306, 308, 322, 324, 325, 333, 334, 341, 344, 345, 346, 347, 348, 349, 351, 352, 355, 356, 357, 358, 360, 361, 363, 365, 366, 367, 369, 370, 372, 373, 374, 375, 377, 379, 392, 393, 401, 402, 403, 406, 407, 408, 410, 411, 414, 416, 419, 421, 423, 436, 438, 439, 443, 444, 450, 451, 452, 453, 457, 479, 480, 481, 482, 484, 493, 494, 495, 496, 498, 507, 509, 510, 512, 513, 515, 517, 525], "excluded_lines": []}, "": {"executed_lines": [], "summary": {"covered_lines": 0, "num_statements": 25, "percent_covered": 0.0, "percent_covered_display": "0", "missing_lines": 25, "excluded_lines": 0}, "missing_lines": [14, 15, 16, 17, 19, 22, 55, 108, 152, 181, 213, 221, 229, 233, 327, 395, 441, 455, 470, 471, 486, 487, 500, 501, 519], "excluded_lines": []}}}, "src/renderers/__init__.py": {"executed_lines": [], "summary": {"covered_lines": 0, "num_statements": 0, "percent_covered": 100.0, "percent_covered_display": "100", "missing_lines": 0, "excluded_lines": 0}, "missing_lines": [], "excluded_lines": [], "functions": {"": {"executed_lines": [], "summary": {"covered_lines": 0, "num_statements": 0, "percent_covered": 100.0, "percent_covered_display": "100", "missing_lines": 0, "excluded_lines": 0}, "missing_lines": [], "excluded_lines": []}}, "classes": {"": {"executed_lines": [], "summary": {"covered_lines": 0, "num_statements": 0, "percent_covered": 100.0, "percent_covered_display": "100", "missing_lines": 0, "excluded_lines": 0}, "missing_lines": [], "excluded_lines": []}}}, "src/screens/__init__.py": {"executed_lines": [], "summary": {"covered_lines": 0, "num_statements": 9, "percent_covered": 0.0, "percent_covered_display": "0", "missing_lines": 9, "excluded_lines": 0}, "missing_lines": [3, 4, 5, 6, 7, 8, 9, 10, 12], "excluded_lines": [], "functions": {"": {"executed_lines": [], "summary": {"covered_lines": 0, "num_statements": 9, "percent_covered": 0.0, "percent_covered_display": "0", "missing_lines": 9, "excluded_lines": 0}, "missing_lines": [3, 4, 5, 6, 7, 8, 9, 10, 12], "excluded_lines": []}}, "classes": {"": {"executed_lines": [], "summary": {"covered_lines": 0, "num_statements": 9, "percent_covered": 0.0, "percent_covered_display": "0", "missing_lines": 9, "excluded_lines": 0}, "missing_lines": [3, 4, 5, 6, 7, 8, 9, 10, 12], "excluded_lines": []}}}, "src/screens/consolidated_dashboard.py": {"executed_lines": [], "summary": {"covered_lines": 0, "num_statements": 109, "percent_covered": 0.0, "percent_covered_display": "0", "missing_lines": 109, "excluded_lines": 0}, "missing_lines": [9, 10, 11, 12, 14, 24, 30, 40, 71, 72, 73, 76, 77, 78, 79, 80, 81, 83, 85, 87, 88, 89, 90, 91, 92, 93, 95, 97, 99, 100, 102, 104, 106, 107, 108, 109, 111, 112, 113, 114, 116, 117, 118, 119, 122, 123, 124, 125, 126, 129, 130, 131, 132, 133, 134, 137, 138, 139, 140, 141, 142, 143, 145, 146, 148, 150, 152, 153, 154, 156, 157, 158, 160, 161, 162, 165, 166, 167, 168, 171, 172, 173, 174, 177, 178, 179, 180, 181, 182, 184, 185, 187, 189, 190, 192, 194, 195, 197, 199, 200, 202, 204, 205, 207, 209, 211, 213, 215, 217], "excluded_lines": [], "functions": {"ConsolidatedDashboardV2.__init__": {"executed_lines": [], "summary": {"covered_lines": 0, "num_statements": 8, "percent_covered": 0.0, "percent_covered_display": "0", "missing_lines": 8, "excluded_lines": 0}, "missing_lines": [72, 73, 76, 77, 78, 79, 80, 81], "excluded_lines": []}, "ConsolidatedDashboardV2.compose": {"executed_lines": [], "summary": {"covered_lines": 0, "num_statements": 9, "percent_covered": 0.0, "percent_covered_display": "0", "missing_lines": 9, "excluded_lines": 0}, "missing_lines": [85, 87, 88, 89, 90, 91, 92, 93, 95], "excluded_lines": []}, "ConsolidatedDashboardV2.on_mount": {"executed_lines": [], "summary": {"covered_lines": 0, "num_statements": 2, "percent_covered": 0.0, "percent_covered_display": "0", "missing_lines": 2, "excluded_lines": 0}, "missing_lines": [99, 100], "excluded_lines": []}, "ConsolidatedDashboardV2.refresh_metrics": {"executed_lines": [], "summary": {"covered_lines": 0, "num_statements": 33, "percent_covered": 0.0, "percent_covered_display": "0", "missing_lines": 33, "excluded_lines": 0}, "missing_lines": [104, 106, 107, 108, 109, 111, 112, 113, 114, 116, 117, 118, 119, 122, 123, 124, 125, 126, 129, 130, 131, 132, 133, 134, 137, 138, 139, 140, 141, 142, 143, 145, 146], "excluded_lines": []}, "ConsolidatedDashboardV2.update_metrics": {"executed_lines": [], "summary": {"covered_lines": 0, "num_statements": 26, "percent_covered": 0.0, "percent_covered_display": "0", "missing_lines": 26, "excluded_lines": 0}, "missing_lines": [150, 152, 153, 154, 156, 157, 158, 160, 161, 162, 165, 166, 167, 168, 171, 172, 173, 174, 177, 178, 179, 180, 181, 182, 184, 185], "excluded_lines": []}, "ConsolidatedDashboardV2.action_switch_system": {"executed_lines": [], "summary": {"covered_lines": 0, "num_statements": 2, "percent_covered": 0.0, "percent_covered_display": "0", "missing_lines": 2, "excluded_lines": 0}, "missing_lines": [189, 190], "excluded_lines": []}, "ConsolidatedDashboardV2.action_switch_network": {"executed_lines": [], "summary": {"covered_lines": 0, "num_statements": 2, "percent_covered": 0.0, "percent_covered_display": "0", "missing_lines": 2, "excluded_lines": 0}, "missing_lines": [194, 195], "excluded_lines": []}, "ConsolidatedDashboardV2.action_switch_wifi": {"executed_lines": [], "summary": {"covered_lines": 0, "num_statements": 2, "percent_covered": 0.0, "percent_covered_display": "0", "missing_lines": 2, "excluded_lines": 0}, "missing_lines": [199, 200], "excluded_lines": []}, "ConsolidatedDashboardV2.action_switch_packets": {"executed_lines": [], "summary": {"covered_lines": 0, "num_statements": 2, "percent_covered": 0.0, "percent_covered_display": "0", "missing_lines": 2, "excluded_lines": 0}, "missing_lines": [204, 205], "excluded_lines": []}, "ConsolidatedDashboardV2.action_toggle_mode": {"executed_lines": [], "summary": {"covered_lines": 0, "num_statements": 1, "percent_covered": 0.0, "percent_covered_display": "0", "missing_lines": 1, "excluded_lines": 0}, "missing_lines": [209], "excluded_lines": []}, "ConsolidatedDashboardV2.action_show_help": {"executed_lines": [], "summary": {"covered_lines": 0, "num_statements": 1, "percent_covered": 0.0, "percent_covered_display": "0", "missing_lines": 1, "excluded_lines": 0}, "missing_lines": [213], "excluded_lines": []}, "ConsolidatedDashboardV2.action_quit_app": {"executed_lines": [], "summary": {"covered_lines": 0, "num_statements": 1, "percent_covered": 0.0, "percent_covered_display": "0", "missing_lines": 1, "excluded_lines": 0}, "missing_lines": [217], "excluded_lines": []}, "": {"executed_lines": [], "summary": {"covered_lines": 0, "num_statements": 20, "percent_covered": 0.0, "percent_covered_display": "0", "missing_lines": 20, "excluded_lines": 0}, "missing_lines": [9, 10, 11, 12, 14, 24, 30, 40, 71, 83, 97, 102, 148, 187, 192, 197, 202, 207, 211, 215], "excluded_lines": []}}, "classes": {"ConsolidatedDashboardV2": {"executed_lines": [], "summary": {"covered_lines": 0, "num_statements": 89, "percent_covered": 0.0, "percent_covered_display": "0", "missing_lines": 89, "excluded_lines": 0}, "missing_lines": [72, 73, 76, 77, 78, 79, 80, 81, 85, 87, 88, 89, 90, 91, 92, 93, 95, 99, 100, 104, 106, 107, 108, 109, 111, 112, 113, 114, 116, 117, 118, 119, 122, 123, 124, 125, 126, 129, 130, 131, 132, 133, 134, 137, 138, 139, 140, 141, 142, 143, 145, 146, 150, 152, 153, 154, 156, 157, 158, 160, 161, 162, 165, 166, 167, 168, 171, 172, 173, 174, 177, 178, 179, 180, 181, 182, 184, 185, 189, 190, 194, 195, 199, 200, 204, 205, 209, 213, 217], "excluded_lines": []}, "": {"executed_lines": [], "summary": {"covered_lines": 0, "num_statements": 20, "percent_covered": 0.0, "percent_covered_display": "0", "missing_lines": 20, "excluded_lines": 0}, "missing_lines": [9, 10, 11, 12, 14, 24, 30, 40, 71, 83, 97, 102, 148, 187, 192, 197, 202, 207, 211, 215], "excluded_lines": []}}}, "src/screens/consolidated_dashboard_old.py": {"executed_lines": [], "summary": {"covered_lines": 0, "num_statements": 82, "percent_covered": 0.0, "percent_covered_display": "0", "missing_lines": 82, "excluded_lines": 0}, "missing_lines": [9, 10, 11, 12, 14, 24, 30, 40, 71, 72, 73, 76, 77, 78, 79, 80, 81, 83, 85, 87, 88, 89, 90, 91, 92, 93, 95, 97, 99, 100, 102, 104, 106, 107, 108, 109, 111, 112, 113, 114, 116, 117, 118, 119, 122, 123, 124, 125, 126, 129, 130, 131, 132, 133, 134, 137, 138, 139, 140, 141, 142, 143, 145, 146, 148, 150, 151, 153, 155, 156, 158, 160, 161, 163, 165, 166, 168, 170, 172, 174, 176, 178], "excluded_lines": [], "functions": {"ConsolidatedDashboardV2.__init__": {"executed_lines": [], "summary": {"covered_lines": 0, "num_statements": 8, "percent_covered": 0.0, "percent_covered_display": "0", "missing_lines": 8, "excluded_lines": 0}, "missing_lines": [72, 73, 76, 77, 78, 79, 80, 81], "excluded_lines": []}, "ConsolidatedDashboardV2.compose": {"executed_lines": [], "summary": {"covered_lines": 0, "num_statements": 9, "percent_covered": 0.0, "percent_covered_display": "0", "missing_lines": 9, "excluded_lines": 0}, "missing_lines": [85, 87, 88, 89, 90, 91, 92, 93, 95], "excluded_lines": []}, "ConsolidatedDashboardV2.on_mount": {"executed_lines": [], "summary": {"covered_lines": 0, "num_statements": 2, "percent_covered": 0.0, "percent_covered_display": "0", "missing_lines": 2, "excluded_lines": 0}, "missing_lines": [99, 100], "excluded_lines": []}, "ConsolidatedDashboardV2.refresh_metrics": {"executed_lines": [], "summary": {"covered_lines": 0, "num_statements": 33, "percent_covered": 0.0, "percent_covered_display": "0", "missing_lines": 33, "excluded_lines": 0}, "missing_lines": [104, 106, 107, 108, 109, 111, 112, 113, 114, 116, 117, 118, 119, 122, 123, 124, 125, 126, 129, 130, 131, 132, 133, 134, 137, 138, 139, 140, 141, 142, 143, 145, 146], "excluded_lines": []}, "ConsolidatedDashboardV2.action_switch_system": {"executed_lines": [], "summary": {"covered_lines": 0, "num_statements": 2, "percent_covered": 0.0, "percent_covered_display": "0", "missing_lines": 2, "excluded_lines": 0}, "missing_lines": [150, 151], "excluded_lines": []}, "ConsolidatedDashboardV2.action_switch_network": {"executed_lines": [], "summary": {"covered_lines": 0, "num_statements": 2, "percent_covered": 0.0, "percent_covered_display": "0", "missing_lines": 2, "excluded_lines": 0}, "missing_lines": [155, 156], "excluded_lines": []}, "ConsolidatedDashboardV2.action_switch_wifi": {"executed_lines": [], "summary": {"covered_lines": 0, "num_statements": 2, "percent_covered": 0.0, "percent_covered_display": "0", "missing_lines": 2, "excluded_lines": 0}, "missing_lines": [160, 161], "excluded_lines": []}, "ConsolidatedDashboardV2.action_switch_packets": {"executed_lines": [], "summary": {"covered_lines": 0, "num_statements": 2, "percent_covered": 0.0, "percent_covered_display": "0", "missing_lines": 2, "excluded_lines": 0}, "missing_lines": [165, 166], "excluded_lines": []}, "ConsolidatedDashboardV2.action_toggle_mode": {"executed_lines": [], "summary": {"covered_lines": 0, "num_statements": 1, "percent_covered": 0.0, "percent_covered_display": "0", "missing_lines": 1, "excluded_lines": 0}, "missing_lines": [170], "excluded_lines": []}, "ConsolidatedDashboardV2.action_show_help": {"executed_lines": [], "summary": {"covered_lines": 0, "num_statements": 1, "percent_covered": 0.0, "percent_covered_display": "0", "missing_lines": 1, "excluded_lines": 0}, "missing_lines": [174], "excluded_lines": []}, "ConsolidatedDashboardV2.action_quit_app": {"executed_lines": [], "summary": {"covered_lines": 0, "num_statements": 1, "percent_covered": 0.0, "percent_covered_display": "0", "missing_lines": 1, "excluded_lines": 0}, "missing_lines": [178], "excluded_lines": []}, "": {"executed_lines": [], "summary": {"covered_lines": 0, "num_statements": 19, "percent_covered": 0.0, "percent_covered_display": "0", "missing_lines": 19, "excluded_lines": 0}, "missing_lines": [9, 10, 11, 12, 14, 24, 30, 40, 71, 83, 97, 102, 148, 153, 158, 163, 168, 172, 176], "excluded_lines": []}}, "classes": {"ConsolidatedDashboardV2": {"executed_lines": [], "summary": {"covered_lines": 0, "num_statements": 63, "percent_covered": 0.0, "percent_covered_display": "0", "missing_lines": 63, "excluded_lines": 0}, "missing_lines": [72, 73, 76, 77, 78, 79, 80, 81, 85, 87, 88, 89, 90, 91, 92, 93, 95, 99, 100, 104, 106, 107, 108, 109, 111, 112, 113, 114, 116, 117, 118, 119, 122, 123, 124, 125, 126, 129, 130, 131, 132, 133, 134, 137, 138, 139, 140, 141, 142, 143, 145, 146, 150, 151, 155, 156, 160, 161, 165, 166, 170, 174, 178], "excluded_lines": []}, "": {"executed_lines": [], "summary": {"covered_lines": 0, "num_statements": 19, "percent_covered": 0.0, "percent_covered_display": "0", "missing_lines": 19, "excluded_lines": 0}, "missing_lines": [9, 10, 11, 12, 14, 24, 30, 40, 71, 83, 97, 102, 148, 153, 158, 163, 168, 172, 176], "excluded_lines": []}}}, "src/screens/help_screen.py": {"executed_lines": [], "summary": {"covered_lines": 0, "num_statements": 20, "percent_covered": 0.0, "percent_covered_display": "0", "missing_lines": 20, "excluded_lines": 0}, "missing_lines": [10, 11, 12, 13, 16, 27, 77, 81, 83, 84, 85, 90, 102, 119, 134, 136, 138, 139, 141, 143], "excluded_lines": [], "functions": {"HelpScreen.compose": {"executed_lines": [], "summary": {"covered_lines": 0, "num_statements": 7, "percent_covered": 0.0, "percent_covered_display": "0", "missing_lines": 7, "excluded_lines": 0}, "missing_lines": [83, 84, 85, 90, 102, 119, 134], "excluded_lines": []}, "HelpScreen.on_button_pressed": {"executed_lines": [], "summary": {"covered_lines": 0, "num_statements": 2, "percent_covered": 0.0, "percent_covered_display": "0", "missing_lines": 2, "excluded_lines": 0}, "missing_lines": [138, 139], "excluded_lines": []}, "HelpScreen.action_dismiss": {"executed_lines": [], "summary": {"covered_lines": 0, "num_statements": 1, "percent_covered": 0.0, "percent_covered_display": "0", "missing_lines": 1, "excluded_lines": 0}, "missing_lines": [143], "excluded_lines": []}, "": {"executed_lines": [], "summary": {"covered_lines": 0, "num_statements": 10, "percent_covered": 0.0, "percent_covered_display": "0", "missing_lines": 10, "excluded_lines": 0}, "missing_lines": [10, 11, 12, 13, 16, 27, 77, 81, 136, 141], "excluded_lines": []}}, "classes": {"HelpScreen": {"executed_lines": [], "summary": {"covered_lines": 0, "num_statements": 10, "percent_covered": 0.0, "percent_covered_display": "0", "missing_lines": 10, "excluded_lines": 0}, "missing_lines": [83, 84, 85, 90, 102, 119, 134, 138, 139, 143], "excluded_lines": []}, "": {"executed_lines": [], "summary": {"covered_lines": 0, "num_statements": 10, "percent_covered": 0.0, "percent_covered_display": "0", "missing_lines": 10, "excluded_lines": 0}, "missing_lines": [10, 11, 12, 13, 16, 27, 77, 81, 136, 141], "excluded_lines": []}}}, "src/screens/landing_screen.py": {"executed_lines": [], "summary": {"covered_lines": 0, "num_statements": 95, "percent_covered": 0.0, "percent_covered_display": "0", "missing_lines": 95, "excluded_lines": 0}, "missing_lines": [11, 12, 13, 14, 15, 16, 17, 20, 23, 24, 25, 27, 29, 32, 33, 34, 35, 36, 38, 41, 44, 46, 47, 48, 50, 52, 54, 56, 57, 58, 60, 63, 64, 65, 68, 69, 71, 72, 73, 75, 76, 77, 79, 80, 81, 83, 84, 85, 87, 88, 89, 91, 92, 93, 96, 97, 99, 100, 101, 103, 104, 105, 107, 108, 109, 111, 113, 116, 128, 166, 178, 179, 180, 182, 184, 185, 186, 187, 192, 194, 195, 197, 205, 207, 210, 211, 214, 215, 218, 221, 222, 228, 230, 232, 234], "excluded_lines": [], "functions": {"BannerWidget.__init__": {"executed_lines": [], "summary": {"covered_lines": 0, "num_statements": 2, "percent_covered": 0.0, "percent_covered_display": "0", "missing_lines": 2, "excluded_lines": 0}, "missing_lines": [24, 25], "excluded_lines": []}, "BannerWidget._render_banner": {"executed_lines": [], "summary": {"covered_lines": 0, "num_statements": 7, "percent_covered": 0.0, "percent_covered_display": "0", "missing_lines": 7, "excluded_lines": 0}, "missing_lines": [29, 32, 33, 34, 35, 36, 38], "excluded_lines": []}, "MenuWidget.__init__": {"executed_lines": [], "summary": {"covered_lines": 0, "num_statements": 2, "percent_covered": 0.0, "percent_covered_display": "0", "missing_lines": 2, "excluded_lines": 0}, "missing_lines": [47, 48], "excluded_lines": []}, "MenuWidget.watch_current_mode": {"executed_lines": [], "summary": {"covered_lines": 0, "num_statements": 1, "percent_covered": 0.0, "percent_covered_display": "0", "missing_lines": 1, "excluded_lines": 0}, "missing_lines": [52], "excluded_lines": []}, "MenuWidget._render_menu": {"executed_lines": [], "summary": {"covered_lines": 0, "num_statements": 40, "percent_covered": 0.0, "percent_covered_display": "0", "missing_lines": 40, "excluded_lines": 0}, "missing_lines": [56, 57, 58, 60, 63, 64, 65, 68, 69, 71, 72, 73, 75, 76, 77, 79, 80, 81, 83, 84, 85, 87, 88, 89, 91, 92, 93, 96, 97, 99, 100, 101, 103, 104, 105, 107, 108, 109, 111, 113], "excluded_lines": []}, "LandingScreen.__init__": {"executed_lines": [], "summary": {"covered_lines": 0, "num_statements": 2, "percent_covered": 0.0, "percent_covered_display": "0", "missing_lines": 2, "excluded_lines": 0}, "missing_lines": [179, 180], "excluded_lines": []}, "LandingScreen.compose": {"executed_lines": [], "summary": {"covered_lines": 0, "num_statements": 4, "percent_covered": 0.0, "percent_covered_display": "0", "missing_lines": 4, "excluded_lines": 0}, "missing_lines": [184, 185, 186, 187], "excluded_lines": []}, "LandingScreen.on_mount": {"executed_lines": [], "summary": {"covered_lines": 0, "num_statements": 2, "percent_covered": 0.0, "percent_covered_display": "0", "missing_lines": 2, "excluded_lines": 0}, "missing_lines": [194, 195], "excluded_lines": []}, "LandingScreen.action_launch_dashboard": {"executed_lines": [], "summary": {"covered_lines": 0, "num_statements": 1, "percent_covered": 0.0, "percent_covered_display": "0", "missing_lines": 1, "excluded_lines": 0}, "missing_lines": [205], "excluded_lines": []}, "LandingScreen.action_toggle_mode": {"executed_lines": [], "summary": {"covered_lines": 0, "num_statements": 7, "percent_covered": 0.0, "percent_covered_display": "0", "missing_lines": 7, "excluded_lines": 0}, "missing_lines": [210, 211, 214, 215, 218, 221, 222], "excluded_lines": []}, "LandingScreen.action_show_help": {"executed_lines": [], "summary": {"covered_lines": 0, "num_statements": 1, "percent_covered": 0.0, "percent_covered_display": "0", "missing_lines": 1, "excluded_lines": 0}, "missing_lines": [230], "excluded_lines": []}, "LandingScreen.action_quit": {"executed_lines": [], "summary": {"covered_lines": 0, "num_statements": 1, "percent_covered": 0.0, "percent_covered_display": "0", "missing_lines": 1, "excluded_lines": 0}, "missing_lines": [234], "excluded_lines": []}, "": {"executed_lines": [], "summary": {"covered_lines": 0, "num_statements": 25, "percent_covered": 0.0, "percent_covered_display": "0", "missing_lines": 25, "excluded_lines": 0}, "missing_lines": [11, 12, 13, 14, 15, 16, 17, 20, 23, 27, 41, 44, 46, 50, 54, 116, 128, 166, 178, 182, 192, 197, 207, 228, 232], "excluded_lines": []}}, "classes": {"BannerWidget": {"executed_lines": [], "summary": {"covered_lines": 0, "num_statements": 9, "percent_covered": 0.0, "percent_covered_display": "0", "missing_lines": 9, "excluded_lines": 0}, "missing_lines": [24, 25, 29, 32, 33, 34, 35, 36, 38], "excluded_lines": []}, "MenuWidget": {"executed_lines": [], "summary": {"covered_lines": 0, "num_statements": 43, "percent_covered": 0.0, "percent_covered_display": "0", "missing_lines": 43, "excluded_lines": 0}, "missing_lines": [47, 48, 52, 56, 57, 58, 60, 63, 64, 65, 68, 69, 71, 72, 73, 75, 76, 77, 79, 80, 81, 83, 84, 85, 87, 88, 89, 91, 92, 93, 96, 97, 99, 100, 101, 103, 104, 105, 107, 108, 109, 111, 113], "excluded_lines": []}, "LandingScreen": {"executed_lines": [], "summary": {"covered_lines": 0, "num_statements": 18, "percent_covered": 0.0, "percent_covered_display": "0", "missing_lines": 18, "excluded_lines": 0}, "missing_lines": [179, 180, 184, 185, 186, 187, 194, 195, 205, 210, 211, 214, 215, 218, 221, 222, 230, 234], "excluded_lines": []}, "": {"executed_lines": [], "summary": {"covered_lines": 0, "num_statements": 25, "percent_covered": 0.0, "percent_covered_display": "0", "missing_lines": 25, "excluded_lines": 0}, "missing_lines": [11, 12, 13, 14, 15, 16, 17, 20, 23, 27, 41, 44, 46, 50, 54, 116, 128, 166, 178, 182, 192, 197, 207, 228, 232], "excluded_lines": []}}}, "src/screens/network_dashboard.py": {"executed_lines": [], "summary": {"covered_lines": 0, "num_statements": 56, "percent_covered": 0.0, "percent_covered_display": "0", "missing_lines": 56, "excluded_lines": 0}, "missing_lines": [11, 12, 13, 14, 15, 16, 19, 21, 22, 23, 24, 25, 26, 27, 28, 29, 30, 32, 33, 35, 36, 38, 39, 40, 42, 44, 45, 46, 47, 49, 51, 65, 74, 111, 120, 122, 124, 125, 126, 127, 128, 130, 132, 140, 141, 144, 145, 146, 147, 148, 149, 150, 151, 152, 153, 154], "excluded_lines": [], "functions": {"NetworkStatsDetailWidget.watch_bandwidth_rx": {"executed_lines": [], "summary": {"covered_lines": 0, "num_statements": 1, "percent_covered": 0.0, "percent_covered_display": "0", "missing_lines": 1, "excluded_lines": 0}, "missing_lines": [33], "excluded_lines": []}, "NetworkStatsDetailWidget.watch_bandwidth_tx": {"executed_lines": [], "summary": {"covered_lines": 0, "num_statements": 1, "percent_covered": 0.0, "percent_covered_display": "0", "missing_lines": 1, "excluded_lines": 0}, "missing_lines": [36], "excluded_lines": []}, "NetworkStatsDetailWidget._refresh_display": {"executed_lines": [], "summary": {"covered_lines": 0, "num_statements": 9, "percent_covered": 0.0, "percent_covered_display": "0", "missing_lines": 9, "excluded_lines": 0}, "missing_lines": [39, 40, 42, 44, 45, 46, 47, 49, 51], "excluded_lines": []}, "NetworkDashboard.compose": {"executed_lines": [], "summary": {"covered_lines": 0, "num_statements": 7, "percent_covered": 0.0, "percent_covered_display": "0", "missing_lines": 7, "excluded_lines": 0}, "missing_lines": [122, 124, 125, 126, 127, 128, 130], "excluded_lines": []}, "NetworkDashboard.update_metrics": {"executed_lines": [], "summary": {"covered_lines": 0, "num_statements": 13, "percent_covered": 0.0, "percent_covered_display": "0", "missing_lines": 13, "excluded_lines": 0}, "missing_lines": [140, 141, 144, 145, 146, 147, 148, 149, 150, 151, 152, 153, 154], "excluded_lines": []}, "": {"executed_lines": [], "summary": {"covered_lines": 0, "num_statements": 25, "percent_covered": 0.0, "percent_covered_display": "0", "missing_lines": 25, "excluded_lines": 0}, "missing_lines": [11, 12, 13, 14, 15, 16, 19, 21, 22, 23, 24, 25, 26, 27, 28, 29, 30, 32, 35, 38, 65, 74, 111, 120, 132], "excluded_lines": []}}, "classes": {"NetworkStatsDetailWidget": {"executed_lines": [], "summary": {"covered_lines": 0, "num_statements": 11, "percent_covered": 0.0, "percent_covered_display": "0", "missing_lines": 11, "excluded_lines": 0}, "missing_lines": [33, 36, 39, 40, 42, 44, 45, 46, 47, 49, 51], "excluded_lines": []}, "NetworkDashboard": {"executed_lines": [], "summary": {"covered_lines": 0, "num_statements": 20, "percent_covered": 0.0, "percent_covered_display": "0", "missing_lines": 20, "excluded_lines": 0}, "missing_lines": [122, 124, 125, 126, 127, 128, 130, 140, 141, 144, 145, 146, 147, 148, 149, 150, 151, 152, 153, 154], "excluded_lines": []}, "": {"executed_lines": [], "summary": {"covered_lines": 0, "num_statements": 25, "percent_covered": 0.0, "percent_covered_display": "0", "missing_lines": 25, "excluded_lines": 0}, "missing_lines": [11, 12, 13, 14, 15, 16, 19, 21, 22, 23, 24, 25, 26, 27, 28, 29, 30, 32, 35, 38, 65, 74, 111, 120, 132], "excluded_lines": []}}}, "src/screens/packets_dashboard.py": {"executed_lines": [], "summary": {"covered_lines": 0, "num_statements": 90, "percent_covered": 0.0, "percent_covered_display": "0", "missing_lines": 90, "excluded_lines": 0}, "missing_lines": [11, 12, 13, 14, 15, 16, 19, 21, 22, 23, 24, 25, 26, 28, 29, 31, 32, 34, 35, 36, 37, 38, 39, 40, 41, 42, 43, 44, 45, 46, 48, 49, 50, 52, 62, 63, 64, 65, 66, 67, 68, 69, 70, 71, 72, 73, 74, 75, 76, 78, 79, 81, 83, 85, 86, 87, 88, 90, 92, 93, 94, 95, 97, 99, 102, 105, 106, 107, 125, 135, 181, 190, 192, 194, 195, 196, 198, 199, 200, 202, 204, 212, 213, 216, 217, 218, 219, 220, 221, 222], "excluded_lines": [], "functions": {"PacketStatsDetailWidget.watch_packet_count": {"executed_lines": [], "summary": {"covered_lines": 0, "num_statements": 1, "percent_covered": 0.0, "percent_covered_display": "0", "missing_lines": 1, "excluded_lines": 0}, "missing_lines": [29], "excluded_lines": []}, "PacketStatsDetailWidget.watch_top_protocols": {"executed_lines": [], "summary": {"covered_lines": 0, "num_statements": 1, "percent_covered": 0.0, "percent_covered_display": "0", "missing_lines": 1, "excluded_lines": 0}, "missing_lines": [32], "excluded_lines": []}, "PacketStatsDetailWidget._refresh_display": {"executed_lines": [], "summary": {"covered_lines": 0, "num_statements": 46, "percent_covered": 0.0, "percent_covered_display": "0", "missing_lines": 46, "excluded_lines": 0}, "missing_lines": [35, 36, 37, 38, 39, 40, 41, 42, 43, 44, 45, 46, 48, 49, 50, 52, 62, 63, 64, 65, 66, 67, 68, 69, 70, 71, 72, 73, 74, 75, 76, 78, 79, 81, 83, 85, 86, 87, 88, 90, 92, 93, 94, 95, 97, 99], "excluded_lines": []}, "EducationalTipsWidget.__init__": {"executed_lines": [], "summary": {"covered_lines": 0, "num_statements": 2, "percent_covered": 0.0, "percent_covered_display": "0", "missing_lines": 2, "excluded_lines": 0}, "missing_lines": [106, 107], "excluded_lines": []}, "PacketsDashboard.compose": {"executed_lines": [], "summary": {"covered_lines": 0, "num_statements": 8, "percent_covered": 0.0, "percent_covered_display": "0", "missing_lines": 8, "excluded_lines": 0}, "missing_lines": [192, 194, 195, 196, 198, 199, 200, 202], "excluded_lines": []}, "PacketsDashboard.update_metrics": {"executed_lines": [], "summary": {"covered_lines": 0, "num_statements": 9, "percent_covered": 0.0, "percent_covered_display": "0", "missing_lines": 9, "excluded_lines": 0}, "missing_lines": [212, 213, 216, 217, 218, 219, 220, 221, 222], "excluded_lines": []}, "": {"executed_lines": [], "summary": {"covered_lines": 0, "num_statements": 23, "percent_covered": 0.0, "percent_covered_display": "0", "missing_lines": 23, "excluded_lines": 0}, "missing_lines": [11, 12, 13, 14, 15, 16, 19, 21, 22, 23, 24, 25, 26, 28, 31, 34, 102, 105, 125, 135, 181, 190, 204], "excluded_lines": []}}, "classes": {"PacketStatsDetailWidget": {"executed_lines": [], "summary": {"covered_lines": 0, "num_statements": 48, "percent_covered": 0.0, "percent_covered_display": "0", "missing_lines": 48, "excluded_lines": 0}, "missing_lines": [29, 32, 35, 36, 37, 38, 39, 40, 41, 42, 43, 44, 45, 46, 48, 49, 50, 52, 62, 63, 64, 65, 66, 67, 68, 69, 70, 71, 72, 73, 74, 75, 76, 78, 79, 81, 83, 85, 86, 87, 88, 90, 92, 93, 94, 95, 97, 99], "excluded_lines": []}, "EducationalTipsWidget": {"executed_lines": [], "summary": {"covered_lines": 0, "num_statements": 2, "percent_covered": 0.0, "percent_covered_display": "0", "missing_lines": 2, "excluded_lines": 0}, "missing_lines": [106, 107], "excluded_lines": []}, "PacketsDashboard": {"executed_lines": [], "summary": {"covered_lines": 0, "num_statements": 17, "percent_covered": 0.0, "percent_covered_display": "0", "missing_lines": 17, "excluded_lines": 0}, "missing_lines": [192, 194, 195, 196, 198, 199, 200, 202, 212, 213, 216, 217, 218, 219, 220, 221, 222], "excluded_lines": []}, "": {"executed_lines": [], "summary": {"covered_lines": 0, "num_statements": 23, "percent_covered": 0.0, "percent_covered_display": "0", "missing_lines": 23, "excluded_lines": 0}, "missing_lines": [11, 12, 13, 14, 15, 16, 19, 21, 22, 23, 24, 25, 26, 28, 31, 34, 102, 105, 125, 135, 181, 190, 204], "excluded_lines": []}}}, "src/screens/system_dashboard.py": {"executed_lines": [], "summary": {"covered_lines": 0, "num_statements": 122, "percent_covered": 0.0, "percent_covered_display": "0", "missing_lines": 122, "excluded_lines": 0}, "missing_lines": [11, 12, 13, 14, 15, 16, 19, 21, 22, 23, 25, 26, 28, 29, 31, 33, 34, 35, 36, 38, 41, 42, 43, 45, 53, 54, 55, 56, 57, 58, 60, 61, 62, 63, 65, 67, 69, 72, 74, 75, 76, 78, 79, 81, 83, 84, 85, 86, 88, 90, 91, 92, 94, 95, 96, 98, 107, 109, 110, 111, 113, 114, 116, 117, 118, 119, 120, 121, 122, 124, 125, 127, 128, 129, 131, 133, 144, 146, 147, 148, 149, 151, 152, 154, 155, 157, 159, 160, 161, 163, 165, 175, 186, 217, 226, 228, 230, 231, 232, 233, 235, 236, 237, 239, 241, 249, 250, 251, 252, 255, 256, 257, 258, 261, 262, 263, 264, 267, 268, 269, 270, 271], "excluded_lines": [], "functions": {"DetailedCPUWidget.watch_cpu_percent": {"executed_lines": [], "summary": {"covered_lines": 0, "num_statements": 1, "percent_covered": 0.0, "percent_covered_display": "0", "missing_lines": 1, "excluded_lines": 0}, "missing_lines": [26], "excluded_lines": []}, "DetailedCPUWidget.watch_cpu_per_core": {"executed_lines": [], "summary": {"covered_lines": 0, "num_statements": 1, "percent_covered": 0.0, "percent_covered_display": "0", "missing_lines": 1, "excluded_lines": 0}, "missing_lines": [29], "excluded_lines": []}, "DetailedCPUWidget._refresh_display": {"executed_lines": [], "summary": {"covered_lines": 0, "num_statements": 22, "percent_covered": 0.0, "percent_covered_display": "0", "missing_lines": 22, "excluded_lines": 0}, "missing_lines": [33, 34, 35, 36, 38, 41, 42, 43, 45, 53, 54, 55, 56, 57, 58, 60, 61, 62, 63, 65, 67, 69], "excluded_lines": []}, "DetailedRAMWidget.watch_memory_percent": {"executed_lines": [], "summary": {"covered_lines": 0, "num_statements": 1, "percent_covered": 0.0, "percent_covered_display": "0", "missing_lines": 1, "excluded_lines": 0}, "missing_lines": [79], "excluded_lines": []}, "DetailedRAMWidget._refresh_display": {"executed_lines": [], "summary": {"covered_lines": 0, "num_statements": 12, "percent_covered": 0.0, "percent_covered_display": "0", "missing_lines": 12, "excluded_lines": 0}, "missing_lines": [83, 84, 85, 86, 88, 90, 91, 92, 94, 95, 96, 98], "excluded_lines": []}, "DetailedDiskWidget.watch_disk_percent": {"executed_lines": [], "summary": {"covered_lines": 0, "num_statements": 1, "percent_covered": 0.0, "percent_covered_display": "0", "missing_lines": 1, "excluded_lines": 0}, "missing_lines": [114], "excluded_lines": []}, "DetailedDiskWidget._refresh_display": {"executed_lines": [], "summary": {"covered_lines": 0, "num_statements": 13, "percent_covered": 0.0, "percent_covered_display": "0", "missing_lines": 13, "excluded_lines": 0}, "missing_lines": [117, 118, 119, 120, 121, 122, 124, 125, 127, 128, 129, 131, 133], "excluded_lines": []}, "SystemInfoWidget.watch_uptime_seconds": {"executed_lines": [], "summary": {"covered_lines": 0, "num_statements": 1, "percent_covered": 0.0, "percent_covered_display": "0", "missing_lines": 1, "excluded_lines": 0}, "missing_lines": [152], "excluded_lines": []}, "SystemInfoWidget.watch_load_avg_1m": {"executed_lines": [], "summary": {"covered_lines": 0, "num_statements": 1, "percent_covered": 0.0, "percent_covered_display": "0", "missing_lines": 1, "excluded_lines": 0}, "missing_lines": [155], "excluded_lines": []}, "SystemInfoWidget._refresh_display": {"executed_lines": [], "summary": {"covered_lines": 0, "num_statements": 5, "percent_covered": 0.0, "percent_covered_display": "0", "missing_lines": 5, "excluded_lines": 0}, "missing_lines": [159, 160, 161, 163, 165], "excluded_lines": []}, "SystemDashboard.compose": {"executed_lines": [], "summary": {"covered_lines": 0, "num_statements": 9, "percent_covered": 0.0, "percent_covered_display": "0", "missing_lines": 9, "excluded_lines": 0}, "missing_lines": [228, 230, 231, 232, 233, 235, 236, 237, 239], "excluded_lines": []}, "SystemDashboard.update_metrics": {"executed_lines": [], "summary": {"covered_lines": 0, "num_statements": 17, "percent_covered": 0.0, "percent_covered_display": "0", "missing_lines": 17, "excluded_lines": 0}, "missing_lines": [249, 250, 251, 252, 255, 256, 257, 258, 261, 262, 263, 264, 267, 268, 269, 270, 271], "excluded_lines": []}, "": {"executed_lines": [], "summary": {"covered_lines": 0, "num_statements": 38, "percent_covered": 0.0, "percent_covered_display": "0", "missing_lines": 38, "excluded_lines": 0}, "missing_lines": [11, 12, 13, 14, 15, 16, 19, 21, 22, 23, 25, 28, 31, 72, 74, 75, 76, 78, 81, 107, 109, 110, 111, 113, 116, 144, 146, 147, 148, 149, 151, 154, 157, 175, 186, 217, 226, 241], "excluded_lines": []}}, "classes": {"DetailedCPUWidget": {"executed_lines": [], "summary": {"covered_lines": 0, "num_statements": 24, "percent_covered": 0.0, "percent_covered_display": "0", "missing_lines": 24, "excluded_lines": 0}, "missing_lines": [26, 29, 33, 34, 35, 36, 38, 41, 42, 43, 45, 53, 54, 55, 56, 57, 58, 60, 61, 62, 63, 65, 67, 69], "excluded_lines": []}, "DetailedRAMWidget": {"executed_lines": [], "summary": {"covered_lines": 0, "num_statements": 13, "percent_covered": 0.0, "percent_covered_display": "0", "missing_lines": 13, "excluded_lines": 0}, "missing_lines": [79, 83, 84, 85, 86, 88, 90, 91, 92, 94, 95, 96, 98], "excluded_lines": []}, "DetailedDiskWidget": {"executed_lines": [], "summary": {"covered_lines": 0, "num_statements": 14, "percent_covered": 0.0, "percent_covered_display": "0", "missing_lines": 14, "excluded_lines": 0}, "missing_lines": [114, 117, 118, 119, 120, 121, 122, 124, 125, 127, 128, 129, 131, 133], "excluded_lines": []}, "SystemInfoWidget": {"executed_lines": [], "summary": {"covered_lines": 0, "num_statements": 7, "percent_covered": 0.0, "percent_covered_display": "0", "missing_lines": 7, "excluded_lines": 0}, "missing_lines": [152, 155, 159, 160, 161, 163, 165], "excluded_lines": []}, "SystemDashboard": {"executed_lines": [], "summary": {"covered_lines": 0, "num_statements": 26, "percent_covered": 0.0, "percent_covered_display": "0", "missing_lines": 26, "excluded_lines": 0}, "missing_lines": [228, 230, 231, 232, 233, 235, 236, 237, 239, 249, 250, 251, 252, 255, 256, 257, 258, 261, 262, 263, 264, 267, 268, 269, 270, 271], "excluded_lines": []}, "": {"executed_lines": [], "summary": {"covered_lines": 0, "num_statements": 38, "percent_covered": 0.0, "percent_covered_display": "0", "missing_lines": 38, "excluded_lines": 0}, "missing_lines": [11, 12, 13, 14, 15, 16, 19, 21, 22, 23, 25, 28, 31, 72, 74, 75, 76, 78, 81, 107, 109, 110, 111, 113, 116, 144, 146, 147, 148, 149, 151, 154, 157, 175, 186, 217, 226, 241], "excluded_lines": []}}}, "src/screens/topology_dashboard.py": {"executed_lines": [], "summary": {"covered_lines": 0, "num_statements": 60, "percent_covered": 0.0, "percent_covered_display": "0", "missing_lines": 60, "excluded_lines": 0}, "missing_lines": [10, 11, 12, 13, 14, 17, 27, 34, 67, 68, 69, 70, 71, 73, 75, 77, 78, 79, 81, 83, 86, 87, 90, 91, 93, 95, 96, 98, 99, 101, 102, 103, 104, 107, 110, 112, 113, 115, 117, 119, 122, 124, 126, 129, 132, 133, 134, 135, 136, 139, 141, 143, 145, 146, 148, 150, 152, 154, 156, 158], "excluded_lines": [], "functions": {"TopologyDashboard.__init__": {"executed_lines": [], "summary": {"covered_lines": 0, "num_statements": 4, "percent_covered": 0.0, "percent_cover
[...]
242, 243, 245, 247, 261, 264, 265, 268, 269, 271, 289, 291, 292, 304, 315, 317, 318, 319, 321, 322, 324, 326, 348, 352, 353, 354, 355, 356, 358, 369, 370, 371, 373, 374, 377, 380, 390, 434, 435, 437], "excluded_lines": []}, "": {"executed_lines": [], "summary": {"covered_lines": 0, "num_statements": 35, "percent_covered": 0.0, "percent_covered_display": "0", "missing_lines": 35, "excluded_lines": 0}, "missing_lines": [18, 19, 20, 21, 22, 25, 26, 28, 29, 30, 31, 32, 33, 36, 37, 40, 43, 63, 76, 151, 164, 169, 191, 226, 249, 280, 306, 328, 449, 452, 463, 464, 466, 469, 479], "excluded_lines": []}}}, "src/widgets/__init__.py": {"executed_lines": [], "summary": {"covered_lines": 0, "num_statements": 5, "percent_covered": 0.0, "percent_covered_display": "0", "missing_lines": 5, "excluded_lines": 0}, "missing_lines": [3, 4, 5, 6, 15], "excluded_lines": [], "functions": {"": {"executed_lines": [], "summary": {"covered_lines": 0, "num_statements": 5, "percent_covered": 0.0, "percent_covered_display": "0", "missing_lines": 5, "excluded_lines": 0}, "missing_lines": [3, 4, 5, 6, 15], "excluded_lines": []}}, "classes": {"": {"executed_lines": [], "summary": {"covered_lines": 0, "num_statements": 5, "percent_covered": 0.0, "percent_covered_display": "0", "missing_lines": 5, "excluded_lines": 0}, "missing_lines": [3, 4, 5, 6, 15], "excluded_lines": []}}}, "src/widgets/network_chart.py": {"executed_lines": [], "summary": {"covered_lines": 0, "num_statements": 36, "percent_covered": 0.0, "percent_covered_display": "0", "missing_lines": 36, "excluded_lines": 0}, "missing_lines": [11, 12, 14, 15, 18, 34, 35, 37, 39, 42, 43, 46, 48, 51, 55, 57, 60, 62, 65, 74, 75, 76, 77, 79, 81, 83, 85, 88, 91, 100, 109, 110, 111, 114, 115, 120], "excluded_lines": [], "functions": {"NetworkChart.__init__": {"executed_lines": [], "summary": {"covered_lines": 0, "num_statements": 4, "percent_covered": 0.0, "percent_covered_display": "0", "missing_lines": 4, "excluded_lines": 0}, "missing_lines": [39, 42, 43, 46], "excluded_lines": []}, "NetworkChart.on_mount": {"executed_lines": [], "summary": {"covered_lines": 0, "num_statements": 1, "percent_covered": 0.0, "percent_covered_display": "0", "missing_lines": 1, "excluded_lines": 0}, "missing_lines": [51], "excluded_lines": []}, "NetworkChart.watch_bandwidth_rx": {"executed_lines": [], "summary": {"covered_lines": 0, "num_statements": 1, "percent_covered": 0.0, "percent_covered_display": "0", "missing_lines": 1, "excluded_lines": 0}, "missing_lines": [57], "excluded_lines": []}, "NetworkChart.watch_bandwidth_tx": {"executed_lines": [], "summary": {"covered_lines": 0, "num_statements": 1, "percent_covered": 0.0, "percent_covered_display": "0", "missing_lines": 1, "excluded_lines": 0}, "missing_lines": [62], "excluded_lines": []}, "NetworkChart.update_data": {"executed_lines": [], "summary": {"covered_lines": 0, "num_statements": 5, "percent_covered": 0.0, "percent_covered_display": "0", "missing_lines": 5, "excluded_lines": 0}, "missing_lines": [74, 75, 76, 77, 79], "excluded_lines": []}, "NetworkChart.on_resize": {"executed_lines": [], "summary": {"covered_lines": 0, "num_statements": 1, "percent_covered": 0.0, "percent_covered_display": "0", "missing_lines": 1, "excluded_lines": 0}, "missing_lines": [83], "excluded_lines": []}, "NetworkChart._refresh_plot": {"executed_lines": [], "summary": {"covered_lines": 0, "num_statements": 9, "percent_covered": 0.0, "percent_covered_display": "0", "missing_lines": 9, "excluded_lines": 0}, "missing_lines": [88, 91, 100, 109, 110, 111, 114, 115, 120], "excluded_lines": []}, "": {"executed_lines": [], "summary": {"covered_lines": 0, "num_statements": 14, "percent_covered": 0.0, "percent_covered_display": "0", "missing_lines": 14, "excluded_lines": 0}, "missing_lines": [11, 12, 14, 15, 18, 34, 35, 37, 48, 55, 60, 65, 81, 85], "excluded_lines": []}}, "classes": {"NetworkChart": {"executed_lines": [], "summary": {"covered_lines": 0, "num_statements": 22, "percent_covered": 0.0, "percent_covered_display": "0", "missing_lines": 22, "excluded_lines": 0}, "missing_lines": [39, 42, 43, 46, 51, 57, 62, 74, 75, 76, 77, 79, 83, 88, 91, 100, 109, 110, 111, 114, 115, 120], "excluded_lines": []}, "": {"executed_lines": [], "summary": {"covered_lines": 0, "num_statements": 14, "percent_covered": 0.0, "percent_covered_display": "0", "missing_lines": 14, "excluded_lines": 0}, "missing_lines": [11, 12, 14, 15, 18, 34, 35, 37, 48, 55, 60, 65, 81, 85], "excluded_lines": []}}}, "src/widgets/packet_table.py": {"executed_lines": [], "summary": {"covered_lines": 0, "num_statements": 73, "percent_covered": 0.0, "percent_covered_display": "0", "missing_lines": 73, "excluded_lines": 0}, "missing_lines": [11, 12, 14, 15, 18, 33, 35, 37, 40, 43, 44, 45, 46, 48, 51, 52, 53, 54, 55, 57, 65, 66, 68, 69, 71, 72, 75, 77, 78, 79, 81, 84, 87, 89, 92, 95, 96, 97, 98, 99, 100, 103, 113, 114, 116, 126, 127, 129, 131, 132, 133, 135, 136, 137, 139, 150, 151, 152, 154, 165, 168, 169, 170, 171, 172, 173, 174, 175, 177, 179, 181, 182, 183], "excluded_lines": [], "functions": {"PacketTable.__init__": {"executed_lines": [], "summary": {"covered_lines": 0, "num_statements": 6, "percent_covered": 0.0, "percent_covered_display": "0", "missing_lines": 6, "excluded_lines": 0}, "missing_lines": [37, 40, 43, 44, 45, 46], "excluded_lines": []}, "PacketTable.on_mount": {"executed_lines": [], "summary": {"covered_lines": 0, "num_statements": 5, "percent_covered": 0.0, "percent_covered_display": "0", "missing_lines": 5, "excluded_lines": 0}, "missing_lines": [51, 52, 53, 54, 55], "excluded_lines": []}, "PacketTable.update_data": {"executed_lines": [], "summary": {"covered_lines": 0, "num_statements": 13, "percent_covered": 0.0, "percent_covered_display": "0", "missing_lines": 13, "excluded_lines": 0}, "missing_lines": [65, 66, 68, 69, 71, 72, 75, 77, 78, 79, 81, 84, 87], "excluded_lines": []}, "PacketTable._refresh_table": {"executed_lines": [], "summary": {"covered_lines": 0, "num_statements": 10, "percent_covered": 0.0, "percent_covered_display": "0", "missing_lines": 10, "excluded_lines": 0}, "missing_lines": [92, 95, 96, 97, 98, 99, 100, 103, 113, 114], "excluded_lines": []}, "PacketTable._format_timestamp": {"executed_lines": [], "summary": {"covered_lines": 0, "num_statements": 9, "percent_covered": 0.0, "percent_covered_display": "0", "missing_lines": 9, "excluded_lines": 0}, "missing_lines": [126, 127, 129, 131, 132, 133, 135, 136, 137], "excluded_lines": []}, "PacketTable._truncate": {"executed_lines": [], "summary": {"covered_lines": 0, "num_statements": 3, "percent_covered": 0.0, "percent_covered_display": "0", "missing_lines": 3, "excluded_lines": 0}, "missing_lines": [150, 151, 152], "excluded_lines": []}, "PacketTable._format_info": {"executed_lines": [], "summary": {"covered_lines": 0, "num_statements": 10, "percent_covered": 0.0, "percent_covered_display": "0", "missing_lines": 10, "excluded_lines": 0}, "missing_lines": [165, 168, 169, 170, 171, 172, 173, 174, 175, 177], "excluded_lines": []}, "PacketTable.clear_packets": {"executed_lines": [], "summary": {"covered_lines": 0, "num_statements": 3, "percent_covered": 0.0, "percent_covered_display": "0", "missing_lines": 3, "excluded_lines": 0}, "missing_lines": [181, 182, 183], "excluded_lines": []}, "": {"executed_lines": [], "summary": {"covered_lines": 0, "num_statements": 14, "percent_covered": 0.0, "percent_covered_display": "0", "missing_lines": 14, "excluded_lines": 0}, "missing_lines": [11, 12, 14, 15, 18, 33, 35, 48, 57, 89, 116, 139, 154, 179], "excluded_lines": []}}, "classes": {"PacketTable": {"executed_lines": [], "summary": {"covered_lines": 0, "num_statements": 59, "percent_covered": 0.0, "percent_covered_display": "0", "missing_lines": 59, "excluded_lines": 0}, "missing_lines": [37, 40, 43, 44, 45, 46, 51, 52, 53, 54, 55, 65, 66, 68, 69, 71, 72, 75, 77, 78, 79, 81, 84, 87, 92, 95, 96, 97, 98, 99, 100, 103, 113, 114, 126, 127, 129, 131, 132, 133, 135, 136, 137, 150, 151, 152, 165, 168, 169, 170, 171, 172, 173, 174, 175, 177, 181, 182, 183], "excluded_lines": []}, "": {"executed_lines": [], "summary": {"covered_lines": 0, "num_statements": 14, "percent_covered": 0.0, "percent_covered_display": "0", "missing_lines": 14, "excluded_lines": 0}, "missing_lines": [11, 12, 14, 15, 18, 33, 35, 48, 57, 89, 116, 139, 154, 179], "excluded_lines": []}}}, "src/widgets/system_widgets.py": {"executed_lines": [], "summary": {"covered_lines": 0, "num_statements": 133, "percent_covered": 0.0, "percent_covered_display": "0", "missing_lines": 133, "excluded_lines": 0}, "missing_lines": [9, 10, 11, 12, 15, 18, 19, 21, 23, 25, 27, 29, 31, 34, 37, 38, 39, 41, 42, 45, 46, 47, 48, 49, 51, 54, 57, 58, 59, 61, 63, 65, 67, 70, 73, 74, 75, 77, 78, 81, 82, 83, 85, 88, 91, 92, 93, 95, 97, 99, 101, 104, 107, 108, 109, 111, 112, 115, 116, 117, 119, 122, 125, 126, 127, 129, 131, 133, 135, 137, 139, 142, 145, 146, 149, 150, 153, 154, 156, 157, 160, 161, 163, 165, 167, 168, 169, 170, 173, 176, 177, 178, 180, 182, 184, 186, 188, 190, 193, 196, 199, 200, 201, 202, 204, 205, 208, 210, 212, 214, 215, 216, 217, 219, 222, 225, 226, 227, 228, 230, 232, 234, 236, 239, 242, 243, 246, 247, 249, 250, 252, 253, 255], "excluded_lines": [], "functions": {"CPUWidget.watch_cpu_percent": {"executed_lines": [], "summary": {"covered_lines": 0, "num_statements": 1, "percent_covered": 0.0, "percent_covered_display": "0", "missing_lines": 1, "excluded_lines": 0}, "missing_lines": [23], "excluded_lines": []}, "CPUWidget.watch_cores": {"executed_lines": [], "summary": {"covered_lines": 0, "num_statements": 1, "percent_covered": 0.0, "percent_covered_display": "0", "missing_lines": 1, "excluded_lines": 0}, "missing_lines": [27], "excluded_lines": []}, "CPUWidget.render_display": {"executed_lines": [], "summary": {"covered_lines": 0, "num_statements": 13, "percent_covered": 0.0, "percent_covered_display": "0", "missing_lines": 13, "excluded_lines": 0}, "missing_lines": [31, 34, 37, 38, 39, 41, 42, 45, 46, 47, 48, 49, 51], "excluded_lines": []}, "RAMWidget.watch_percent": {"executed_lines": [], "summary": {"covered_lines": 0, "num_statements": 1, "percent_covered": 0.0, "percent_covered_display": "0", "missing_lines": 1, "excluded_lines": 0}, "missing_lines": [63], "excluded_lines": []}, "RAMWidget.render_display": {"executed_lines": [], "summary": {"covered_lines": 0, "num_statements": 11, "percent_covered": 0.0, "percent_covered_display": "0", "missing_lines": 11, "excluded_lines": 0}, "missing_lines": [67, 70, 73, 74, 75, 77, 78, 81, 82, 83, 85], "excluded_lines": []}, "DiskWidget.watch_percent": {"executed_lines": [], "summary": {"covered_lines": 0, "num_statements": 1, "percent_covered": 0.0, "percent_covered_display": "0", "missing_lines": 1, "excluded_lines": 0}, "missing_lines": [97], "excluded_lines": []}, "DiskWidget.render_display": {"executed_lines": [], "summary": {"covered_lines": 0, "num_statements": 11, "percent_covered": 0.0, "percent_covered_display": "0", "missing_lines": 11, "excluded_lines": 0}, "missing_lines": [101, 104, 107, 108, 109, 111, 112, 115, 116, 117, 119], "excluded_lines": []}, "NetworkStatsWidget.watch_upload_mbps": {"executed_lines": [], "summary": {"covered_lines": 0, "num_statements": 1, "percent_covered": 0.0, "percent_covered_display": "0", "missing_lines": 1, "excluded_lines": 0}, "missing_lines": [131], "excluded_lines": []}, "NetworkStatsWidget.watch_download_mbps": {"executed_lines": [], "summary": {"covered_lines": 0, "num_statements": 1, "percent_covered": 0.0, "percent_covered_display": "0", "missing_lines": 1, "excluded_lines": 0}, "missing_lines": [135], "excluded_lines": []}, "NetworkStatsWidget.render_display": {"executed_lines": [], "summary": {"covered_lines": 0, "num_statements": 13, "percent_covered": 0.0, "percent_covered_display": "0", "missing_lines": 13, "excluded_lines": 0}, "missing_lines": [139, 142, 145, 146, 149, 150, 153, 154, 156, 157, 160, 161, 163], "excluded_lines": []}, "NetworkStatsWidget._make_mini_bar": {"executed_lines": [], "summary": {"covered_lines": 0, "num_statements": 4, "percent_covered": 0.0, "percent_covered_display": "0", "missing_lines": 4, "excluded_lines": 0}, "missing_lines": [167, 168, 169, 170], "excluded_lines": []}, "WiFiWidget.watch_ssid": {"executed_lines": [], "summary": {"covered_lines": 0, "num_statements": 1, "percent_covered": 0.0, "percent_covered_display": "0", "missing_lines": 1, "excluded_lines": 0}, "missing_lines": [182], "excluded_lines": []}, "WiFiWidget.watch_signal_dbm": {"executed_lines": [], "summary": {"covered_lines": 0, "num_statements": 1, "percent_covered": 0.0, "percent_covered_display": "0", "missing_lines": 1, "excluded_lines": 0}, "missing_lines": [186], "excluded_lines": []}, "WiFiWidget.render_display": {"executed_lines": [], "summary": {"covered_lines": 0, "num_statements": 11, "percent_covered": 0.0, "percent_covered_display": "0", "missing_lines": 11, "excluded_lines": 0}, "missing_lines": [190, 193, 196, 199, 200, 201, 202, 204, 205, 208, 210], "excluded_lines": []}, "WiFiWidget._dbm_to_percent": {"executed_lines": [], "summary": {"covered_lines": 0, "num_statements": 5, "percent_covered": 0.0, "percent_covered_display": "0", "missing_lines": 5, "excluded_lines": 0}, "missing_lines": [214, 215, 216, 217, 219], "excluded_lines": []}, "PacketStatsWidget.watch_total_packets": {"executed_lines": [], "summary": {"covered_lines": 0, "num_statements": 1, "percent_covered": 0.0, "percent_covered_display": "0", "missing_lines": 1, "excluded_lines": 0}, "missing_lines": [232], "excluded_lines": []}, "PacketStatsWidget.render_display": {"executed_lines": [], "summary": {"covered_lines": 0, "num_statements": 11, "percent_covered": 0.0, "percent_covered_display": "0", "missing_lines": 11, "excluded_lines": 0}, "missing_lines": [236, 239, 242, 243, 246, 247, 249, 250, 252, 253, 255], "excluded_lines": []}, "": {"executed_lines": [], "summary": {"covered_lines": 0, "num_statements": 45, "percent_covered": 0.0, "percent_covered_display": "0", "missing_lines": 45, "excluded_lines": 0}, "missing_lines": [9, 10, 11, 12, 15, 18, 19, 21, 25, 29, 54, 57, 58, 59, 61, 65, 88, 91, 92, 93, 95, 99, 122, 125, 126, 127, 129, 133, 137, 165, 173, 176, 177, 178, 180, 184, 188, 212, 222, 225, 226, 227, 228, 230, 234], "excluded_lines": []}}, "classes": {"CPUWidget": {"executed_lines": [], "summary": {"covered_lines": 0, "num_statements": 15, "percent_covered": 0.0, "percent_covered_display": "0", "missing_lines": 15, "excluded_lines": 0}, "missing_lines": [23, 27, 31, 34, 37, 38, 39, 41, 42, 45, 46, 47, 48, 49, 51], "excluded_lines": []}, "RAMWidget": {"executed_lines": [], "summary": {"covered_lines": 0, "num_statements": 12, "percent_covered": 0.0, "percent_covered_display": "0", "missing_lines": 12, "excluded_lines": 0}, "missing_lines": [63, 67, 70, 73, 74, 75, 77, 78, 81, 82, 83, 85], "excluded_lines": []}, "DiskWidget": {"executed_lines": [], "summary": {"covered_lines": 0, "num_statements": 12, "percent_covered": 0.0, "percent_covered_display": "0", "missing_lines": 12, "excluded_lines": 0}, "missing_lines": [97, 101, 104, 107, 108, 109, 111, 112, 115, 116, 117, 119], "excluded_lines": []}, "NetworkStatsWidget": {"executed_lines": [], "summary": {"covered_lines": 0, "num_statements": 19, "percent_covered": 0.0, "percent_covered_display": "0", "missing_lines": 19, "excluded_lines": 0}, "missing_lines": [131, 135, 139, 142, 145, 146, 149, 150, 153, 154, 156, 157, 160, 161, 163, 167, 168, 169, 170], "excluded_lines": []}, "WiFiWidget": {"executed_lines": [], "summary": {"covered_lines": 0, "num_statements": 18, "percent_covered": 0.0, "percent_covered_display": "0", "missing_lines": 18, "excluded_lines": 0}, "missing_lines": [182, 186, 190, 193, 196, 199, 200, 201, 202, 204, 205, 208, 210, 214, 215, 216, 217, 219], "excluded_lines": []}, "PacketStatsWidget": {"executed_lines": [], "summary": {"covered_lines": 0, "num_statements": 12, "percent_covered": 0.0, "percent_covered_display": "0", "missing_lines": 12, "excluded_lines": 0}, "missing_lines": [232, 236, 239, 242, 243, 246, 247, 249, 250, 252, 253, 255], "excluded_lines": []}, "": {"executed_lines": [], "summary": {"covered_lines": 0, "num_statements": 45, "percent_covered": 0.0, "percent_covered_display": "0", "missing_lines": 45, "excluded_lines": 0}, "missing_lines": [9, 10, 11, 12, 15, 18, 19, 21, 25, 29, 54, 57, 58, 59, 61, 65, 88, 91, 92, 93, 95, 99, 122, 125, 126, 127, 129, 133, 137, 165, 173, 176, 177, 178, 180, 184, 188, 212, 222, 225, 226, 227, 228, 230, 234], "excluded_lines": []}}}, "src/widgets/tooltip_widget.py": {"executed_lines": [], "summary": {"covered_lines": 0, "num_statements": 31, "percent_covered": 0.0, "percent_covered_display": "0", "missing_lines": 31, "excluded_lines": 0}, "missing_lines": [11, 12, 13, 16, 24, 25, 27, 43, 45, 46, 48, 50, 52, 54, 56, 57, 59, 61, 64, 72, 74, 99, 107, 108, 110, 113, 114, 116, 120, 190, 200], "excluded_lines": [], "functions": {"Tooltip.watch_visible": {"executed_lines": [], "summary": {"covered_lines": 0, "num_statements": 3, "percent_covered": 0.0, "percent_covered_display": "0", "missing_lines": 3, "excluded_lines": 0}, "missing_lines": [45, 46, 48], "excluded_lines": []}, "Tooltip.watch_content": {"executed_lines": [], "summary": {"covered_lines": 0, "num_statements": 1, "percent_covered": 0.0, "percent_covered_display": "0", "missing_lines": 1, "excluded_lines": 0}, "missing_lines": [52], "excluded_lines": []}, "Tooltip.show_tip": {"executed_lines": [], "summary": {"covered_lines": 0, "num_statements": 2, "percent_covered": 0.0, "percent_covered_display": "0", "missing_lines": 2, "excluded_lines": 0}, "missing_lines": [56, 57], "excluded_lines": []}, "Tooltip.hide_tip": {"executed_lines": [], "summary": {"covered_lines": 0, "num_statements": 1, "percent_covered": 0.0, "percent_covered_display": "0", "missing_lines": 1, "excluded_lines": 0}, "missing_lines": [61], "excluded_lines": []}, "EducationalTip.__init__": {"executed_lines": [], "summary": {"covered_lines": 0, "num_statements": 2, "percent_covered": 0.0, "percent_covered_display": "0", "missing_lines": 2, "excluded_lines": 0}, "missing_lines": [107, 108], "excluded_lines": []}, "EducationalTip.watch_tip_type": {"executed_lines": [], "summary": {"covered_lines": 0, "num_statements": 3, "percent_covered": 0.0, "percent_covered_display": "0", "missing_lines": 3, "excluded_lines": 0}, "missing_lines": [113, 114, 116], "excluded_lines": []}, "get_tip": {"executed_lines": [], "summary": {"covered_lines": 0, "num_statements": 1, "percent_covered": 0.0, "percent_covered_display": "0", "missing_lines": 1, "excluded_lines": 0}, "missing_lines": [200], "excluded_lines": []}, "": {"executed_lines": [], "summary": {"covered_lines": 0, "num_statements": 18, "percent_covered": 0.0, "percent_covered_display": "0", "missing_lines": 18, "excluded_lines": 0}, "missing_lines": [11, 12, 13, 16, 24, 25, 27, 43, 50, 54, 59, 64, 72, 74, 99, 110, 120, 190], "excluded_lines": []}}, "classes": {"Tooltip": {"executed_lines": [], "summary": {"covered_lines": 0, "num_statements": 7, "percent_covered": 0.0, "percent_covered_display": "0", "missing_lines": 7, "excluded_lines": 0}, "missing_lines": [45, 46, 48, 52, 56, 57, 61], "excluded_lines": []}, "EducationalTip": {"executed_lines": [], "summary": {"covered_lines": 0, "num_statements": 5, "percent_covered": 0.0, "percent_covered_display": "0", "missing_lines": 5, "excluded_lines": 0}, "missing_lines": [107, 108, 113, 114, 116], "excluded_lines": []}, "": {"executed_lines": [], "summary": {"covered_lines": 0, "num_statements": 19, "percent_covered": 0.0, "percent_covered_display": "0", "missing_lines": 19, "excluded_lines": 0}, "missing_lines": [11, 12, 13, 16, 24, 25, 27, 43, 50, 54, 59, 64, 72, 74, 99, 110, 120, 190, 200], "excluded_lines": []}}}}, "totals": {"covered_lines": 204, "num_statements": 2123, "percent_covered": 9.609043805934999, "percent_covered_display": "10", "missing_lines": 1919, "excluded_lines": 8}}